{"symbol": "A", "entry": 1.0, "exit": 0.9996219804195973, "qty": 0.7684698171794038, "pnl": -0.0003, "reason": "STRATEGY_CHANGE", "strategist": "t", "logged_at": 1777152912.3050787}
{"symbol": "A", "entry": 1.0, "exit": 0.9990722773495556, "qty": 0.8055888147263673, "pnl": -0.0007, "reason": "STRATEGY_CHANGE", "strategist": "t", "logged_at": 1777152925.2560372}
{"symbol": "A", "entry": 1.0, "exit": 0.9988125392492895, "qty": 0.8964811070017287, "pnl": -0.0011, "reason": "STRATEGY_CHANGE", "strategist": "t", "logged_at": 1777152967.8260107}
{"symbol": "A", "entry": 1.0, "exit": 0.9991867168191234, "qty": 0.7841455861289339, "pnl": -0.0006, "reason": "STRATEGY_CHANGE", "strategist": "t", "logged_at": 1777153263.4213023}
{"symbol": "A", "entry": 1.0, "exit": 0.9988539404950072, "qty": 0.8484087957910705, "pnl": -0.001, "reason": "STRATEGY_CHANGE", "strategist": "t", "logged_at": 1777153312.8929925}
{"symbol": "A", "entry": 1.0, "exit": 0.9994867927652114, "qty": 0.7556972214980588, "pnl": -0.0004, "reason": "STRATEGY_CHANGE", "strategist": "t", "logged_at": 1777153348.0986063}
{"symbol": "A", "entry": 1.0, "exit": 0.9995834521234046, "qty": 0.8744435491342545, "pnl": -0.0004, "reason": "STRATEGY_CHANGE", "strategist": "t", "logged_at": 1777153400.2003455}
{"symbol": "BTC/USDT", "entry": 100.0, "exit": 104.0, "qty": 2.0, "pnl": 8.0, "reason": "TAKE_PROFIT", "strategist": "trend", "logged_at": 1777153729.0742042}
{"symbol": "A", "entry": 1.0, "exit": 0.9996018693482341, "qty": 0.7150931365173637, "pnl": -0.0003, "reason": "STRATEGY_CHANGE", "strategist": "t", "logged_at": 1777153743.0001435}
{"symbol": "BTC/USDT", "entry": 100.0, "exit": 104.0, "qty": 2.0, "pnl": 8.0, "reason": "TAKE_PROFIT", "strategist": "trend", "logged_at": 1777153743.0703464}
{"symbol": "A", "entry": 1.0, "exit": 0.9990634149432125, "qty": 0.9824101287002568, "pnl": -0.0009, "reason": "STRATEGY_CHANGE", "strategist": "t", "logged_at": 1777153877.6253424}
{"symbol": "BTC/USDT", "entry": 100.0, "exit": 104.0, "qty": 2.0, "pnl": 8.0, "reason": "TAKE_PROFIT", "strategist": "trend", "logged_at": 1777153877.6850934}
{"symbol": "A", "entry": 1.0, "exit": 0.9988395585314215, "qty": 0.8340386610649986, "pnl": -0.001, "reason": "STRATEGY_CHANGE", "strategist": "t", "logged_at": 1777154056.8862638}
{"symbol": "BTC/USDT", "entry": 100.0, "exit": 104.0, "qty": 2.0, "pnl": 8.0, "reason": "TAKE_PROFIT", "strategist": "trend", "logged_at": 1777154056.9869668}
{"symbol": "A", "entry": 1.0, "exit": 0.9991437110564608, "qty": 0.8027976135444105, "pnl": -0.0007, "reason": "STRATEGY_CHANGE", "strategist": "t", "logged_at": 1777160681.4735806}
{"symbol": "BTC/USDT", "entry": 100.0, "exit": 104.0, "qty": 2.0, "pnl": 8.0, "reason": "TAKE_PROFIT", "strategist": "trend", "logged_at": 1777160681.5259154}
{"symbol": "A", "entry": 1.0, "exit": 0.9995394277770946, "qty": 0.8396227601737448, "pnl": -0.0004, "reason": "STRATEGY_CHANGE", "strategist": "t", "logged_at": 1777160689.1003108}
{"symbol": "BTC/USDT", "entry": 100.0, "exit": 104.0, "qty": 2.0, "pnl": 8.0, "reason": "TAKE_PROFIT", "strategist": "trend", "logged_at": 1777160689.1598227}
{"symbol": "A", "entry": 1.0, "exit": 0.9996597401773115, "qty": 0.9487177823975697, "pnl": -0.0003, "reason": "STRATEGY_CHANGE", "strategist": "t", "logged_at": 1777160705.0409472}
{"symbol": "BTC/USDT", "entry": 100.0, "exit": 104.0, "qty": 2.0, "pnl": 8.0, "reason": "TAKE_PROFIT", "strategist": "trend", "logged_at": 1777160705.0986445}
{"symbol": "A", "entry": 1.0, "exit": 0.9988327414069674, "qty": 0.803190555151758, "pnl": -0.0009, "reason": "STRATEGY_CHANGE", "strategist": "t", "logged_at": 1777160832.1962183}
{"symbol": "BTC/USDT", "entry": 100.0, "exit": 104.0, "qty": 2.0, "pnl": 8.0, "reason": "TAKE_PROFIT", "strategist": "trend", "logged_at": 1777160832.2709522}
{"symbol": "A", "entry": 1.0, "exit": 0.999152673329806, "qty": 0.7571995425053096, "pnl": -0.0006, "reason": "STRATEGY_CHANGE", "strategist": "t", "logged_at": 1777160913.3364153}
{"symbol": "BTC/USDT", "entry": 100.0, "exit": 104.0, "qty": 2.0, "pnl": 8.0, "reason": "TAKE_PROFIT", "strategist": "trend", "logged_at": 1777160913.4004076}
{"symbol": "A", "entry": 1.0, "exit": 0.9993176087341181, "qty": 0.9288242627135919, "pnl": -0.0006, "reason": "STRATEGY_CHANGE", "strategist": "t", "logged_at": 1777160921.960161}
{"symbol": "BTC/USDT", "entry": 100.0, "exit": 104.0, "qty": 2.0, "pnl": 8.0, "reason": "TAKE_PROFIT", "strategist": "trend", "logged_at": 1777160922.0230231}
{"symbol": "A", "entry": 1.0, "exit": 0.999545783911047, "qty": 0.7995771065768631, "pnl": -0.0004, "reason": "STRATEGY_CHANGE", "strategist": "t", "logged_at": 1777160961.743738}
{"symbol": "BTC/USDT", "entry": 100.0, "exit": 104.0, "qty": 2.0, "pnl": 8.0, "reason": "TAKE_PROFIT", "strategist": "trend", "logged_at": 1777160961.8069413}
{"symbol": "A", "entry": 1.0, "exit": 0.9990361038053932, "qty": 0.9608926934716523, "pnl": -0.0009, "reason": "STRATEGY_CHANGE", "strategist": "t", "logged_at": 1777160970.9269066}
{"symbol": "BTC/USDT", "entry": 100.0, "exit": 104.0, "qty": 2.0, "pnl": 8.0, "reason": "TAKE_PROFIT", "strategist": "trend", "logged_at": 1777160970.9972258}
{"symbol": "A", "entry": 1.0, "exit": 0.9996461737722574, "qty": 0.7063947330392287, "pnl": -0.0002, "reason": "STRATEGY_CHANGE", "strategist": "t", "logged_at": 1777160995.1633768}
{"symbol": "BTC/USDT", "entry": 100.0, "exit": 104.0, "qty": 2.0, "pnl": 8.0, "reason": "TAKE_PROFIT", "strategist": "trend", "logged_at": 1777160995.2233276}
{"symbol": "A", "entry": 1.0, "exit": 0.9993063231532733, "qty": 0.9590271401343877, "pnl": -0.0007, "reason": "STRATEGY_CHANGE", "strategist": "t", "logged_at": 1777161021.6442277}
{"symbol": "BTC/USDT", "entry": 100.0, "exit": 104.0, "qty": 2.0, "pnl": 8.0, "reason": "TAKE_PROFIT", "strategist": "trend", "logged_at": 1777161021.7037294}
{"symbol": "A", "entry": 1.0, "exit": 0.999301343864004, "qty": 0.7950735657206617, "pnl": -0.0006, "reason": "STRATEGY_CHANGE", "strategist": "t", "logged_at": 1777161048.5328977}
{"symbol": "BTC/USDT", "entry": 100.0, "exit": 104.0, "qty": 2.0, "pnl": 8.0, "reason": "TAKE_PROFIT", "strategist": "trend", "logged_at": 1777161048.6756253}
{"symbol": "A", "entry": 1.0, "exit": 0.9988609802880509, "qty": 0.9519246244482764, "pnl": -0.0011, "reason": "STRATEGY_CHANGE", "strategist": "t", "logged_at": 1777161079.1740363}
{"symbol": "BTC/USDT", "entry": 100.0, "exit": 104.0, "qty": 2.0, "pnl": 8.0, "reason": "TAKE_PROFIT", "strategist": "trend", "logged_at": 1777161079.239635}
{"symbol": "A", "entry": 1.0, "exit": 0.9994690334285806, "qty": 0.7666478992364699, "pnl": -0.0004, "reason": "STRATEGY_CHANGE", "strategist": "t", "logged_at": 1777161102.532548}
{"symbol": "BTC/USDT", "entry": 100.0, "exit": 104.0, "qty": 2.0, "pnl": 8.0, "reason": "TAKE_PROFIT", "strategist": "trend", "logged_at": 1777161102.6005673}
{"symbol": "A", "entry": 1.0, "exit": 0.9989530904741514, "qty": 0.8815536166266418, "pnl": -0.0009, "reason": "STRATEGY_CHANGE", "strategist": "t", "logged_at": 1777161128.8507383}
{"symbol": "BTC/USDT", "entry": 100.0, "exit": 104.0, "qty": 2.0, "pnl": 8.0, "reason": "TAKE_PROFIT", "strategist": "trend", "logged_at": 1777161128.920929}
{"symbol": "A", "entry": 1.0, "exit": 0.9990154792329169, "qty": 0.9306463789977562, "pnl": -0.0009, "reason": "STRATEGY_CHANGE", "strategist": "t", "logged_at": 1777161150.7174642}
{"symbol": "BTC/USDT", "entry": 100.0, "exit": 104.0, "qty": 2.0, "pnl": 8.0, "reason": "TAKE_PROFIT", "strategist": "trend", "logged_at": 1777161150.7764513}
{"symbol": "A", "entry": 1.0, "exit": 0.9988600774609692, "qty": 0.8910583607275158, "pnl": -0.001, "reason": "STRATEGY_CHANGE", "strategist": "t", "logged_at": 1777161536.471918}
{"symbol": "BTC/USDT", "entry": 100.0, "exit": 104.0, "qty": 2.0, "pnl": 8.0, "reason": "TAKE_PROFIT", "strategist": "trend", "logged_at": 1777161536.5677276}
{"symbol": "A", "entry": 1.0, "exit": 0.9991020883888531, "qty": 0.7005113841083072, "pnl": -0.0006, "reason": "STRATEGY_CHANGE", "strategist": "t", "logged_at": 1777161700.4393396}
{"symbol": "BTC/USDT", "entry": 100.0, "exit": 104.0, "qty": 2.0, "pnl": 8.0, "reason": "TAKE_PROFIT", "strategist": "trend", "logged_at": 1777161700.4991667}
{"symbol": "P", "entry": 100.0, "exit": 109.91024720534475, "qty": 0.8487397102303245, "pnl": 8.4112, "reason": "TAKE_PROFIT", "strategist": "trend", "logged_at": 1777161844.5380738}
{"symbol": "A", "entry": 1.0, "exit": 0.9994802454977882, "qty": 0.7621910529337017, "pnl": -0.0004, "reason": "STRATEGY_CHANGE", "strategist": "t", "logged_at": 1777161879.564583}
{"symbol": "BTC/USDT", "entry": 100.0, "exit": 104.0, "qty": 2.0, "pnl": 8.0, "reason": "TAKE_PROFIT", "strategist": "trend", "logged_at": 1777161879.624585}
{"symbol": "P", "entry": 100.0, "exit": 109.90315756440961, "qty": 0.7789889831450727, "pnl": 7.7145, "reason": "TAKE_PROFIT", "strategist": "trend", "logged_at": 1777161880.0022113}
{"symbol": "A", "entry": 1.0, "exit": 0.998811986095119, "qty": 0.7601073608673586, "pnl": -0.0009, "reason": "STRATEGY_CHANGE", "strategist": "t", "logged_at": 1777161943.3599021}
{"symbol": "BTC/USDT", "entry": 100.0, "exit": 104.0, "qty": 2.0, "pnl": 8.0, "reason": "TAKE_PROFIT", "strategist": "trend", "logged_at": 1777161943.4213843}
{"symbol": "P", "entry": 100.0, "exit": 109.88068958027092, "qty": 0.9762121906087793, "pnl": 9.6456, "reason": "TAKE_PROFIT", "strategist": "trend", "logged_at": 1777161943.6576304}
{"symbol": "P", "entry": 100.0, "exit": 109.95395585112453, "qty": 0.7305815255857178, "pnl": 7.2722, "reason": "TAKE_PROFIT", "strategist": "trend", "logged_at": 1777162031.6215546}
{"symbol": "A", "entry": 1.0, "exit": 0.9994593204816313, "qty": 0.9182277365923086, "pnl": -0.0005, "reason": "STRATEGY_CHANGE", "strategist": "t", "logged_at": 1777162047.3644853}
{"symbol": "BTC/USDT", "entry": 100.0, "exit": 104.0, "qty": 2.0, "pnl": 8.0, "reason": "TAKE_PROFIT", "strategist": "trend", "logged_at": 1777162047.4225998}
{"symbol": "P", "entry": 100.0, "exit": 109.93750766069869, "qty": 0.9033725248277569, "pnl": 8.9773, "reason": "TAKE_PROFIT", "strategist": "trend", "logged_at": 1777162047.6304846}
{"symbol": "A", "entry": 1.0, "exit": 0.9992040833983706, "qty": 0.8669471356318077, "pnl": -0.0007, "reason": "STRATEGY_CHANGE", "strategist": "t", "logged_at": 1777162175.7318077}
{"symbol": "BTC/USDT", "entry": 100.0, "exit": 104.0, "qty": 2.0, "pnl": 8.0, "reason": "TAKE_PROFIT", "strategist": "trend", "logged_at": 1777162175.8023195}
{"symbol": "P", "entry": 100.0, "exit": 109.91856566833653, "qty": 0.7184810844619764, "pnl": 7.1263, "reason": "TAKE_PROFIT", "strategist": "trend", "logged_at": 1777162176.1114266}
{"symbol": "A", "entry": 1.0, "exit": 0.9995447992253228, "qty": 0.8161460449952082, "pnl": -0.0004, "reason": "STRATEGY_CHANGE", "strategist": "t", "logged_at": 1777162218.9988275}
{"symbol": "BTC/USDT", "entry": 100.0, "exit": 104.0, "qty": 2.0, "pnl": 8.0, "reason": "TAKE_PROFIT", "strategist": "trend", "logged_at": 1777162219.0550728}
{"symbol": "P", "entry": 100.0, "exit": 109.93705957746788, "qty": 0.8681399687210727, "pnl": 8.6268, "reason": "TAKE_PROFIT", "strategist": "trend", "logged_at": 1777162219.3332686}
{"symbol": "A", "entry": 1.0, "exit": 0.9989050750444458, "qty": 0.8573087213243606, "pnl": -0.0009, "reason": "STRATEGY_CHANGE", "strategist": "t", "logged_at": 1777162271.8334477}
{"symbol": "BTC/USDT", "entry": 100.0, "exit": 104.0, "qty": 2.0, "pnl": 8.0, "reason": "TAKE_PROFIT", "strategist": "trend", "logged_at": 1777162271.8937016}
{"symbol": "P", "entry": 100.0, "exit": 109.95723063541709, "qty": 0.7207316362237397, "pnl": 7.1765, "reason": "TAKE_PROFIT", "strategist": "trend", "logged_at": 1777162272.3361025}
{"symbol": "S", "entry": 1.0, "exit": 99.9484272220425, "qty": 0.9566171976462436, "pnl": 94.6558, "reason": "TAKE_PROFIT", "strategist": "trend", "logged_at": 1777162428.0998776}
{"symbol": "S", "entry": 100.0, "exit": 199.85243691091534, "qty": 0.7023887721398944, "pnl": 70.1352, "reason": "TAKE_PROFIT", "strategist": "trend", "logged_at": 1777162502.5386765}
{"symbol": "A", "entry": 1.0, "exit": 0.9988121644144082, "qty": 0.952689495041797, "pnl": -0.0011, "reason": "STRATEGY_CHANGE", "strategist": "t", "logged_at": 1777162527.2164767}
{"symbol": "BTC/USDT", "entry": 100.0, "exit": 104.0, "qty": 2.0, "pnl": 8.0, "reason": "TAKE_PROFIT", "strategist": "trend", "logged_at": 1777162527.291021}
{"symbol": "S", "entry": 100.0, "exit": 199.88057500766774, "qty": 0.8142762615881141, "pnl": 81.3304, "reason": "TAKE_PROFIT", "strategist": "trend", "logged_at": 1777162527.555129}
{"symbol": "P", "entry": 100.0, "exit": 109.87872547720895, "qty": 0.7846604172380761, "pnl": 7.7514, "reason": "TAKE_PROFIT", "strategist": "trend", "logged_at": 1777162528.762341}
{"symbol": "A", "entry": 1.0, "exit": 0.9991399552328651, "qty": 0.8198274494560637, "pnl": -0.0007, "reason": "STRATEGY_CHANGE", "strategist": "t", "logged_at": 1777162572.400515}
{"symbol": "BTC/USDT", "entry": 100.0, "exit": 104.0, "qty": 2.0, "pnl": 8.0, "reason": "TAKE_PROFIT", "strategist": "trend", "logged_at": 1777162572.4572642}
{"symbol": "S", "entry": 100.0, "exit": 199.8594694817619, "qty": 0.9325264901799722, "pnl": 93.1216, "reason": "TAKE_PROFIT", "strategist": "trend", "logged_at": 1777162572.5853057}
{"symbol": "P", "entry": 100.0, "exit": 109.90323894041079, "qty": 0.8057497220065811, "pnl": 7.9795, "reason": "TAKE_PROFIT", "strategist": "trend", "logged_at": 1777162573.75874}
{"symbol": "A", "entry": 1.0, "exit": 0.9990785291223141, "qty": 0.8605127020952255, "pnl": -0.0008, "reason": "STRATEGY_CHANGE", "strategist": "t", "logged_at": 1777162612.3415253}
{"symbol": "BTC/USDT", "entry": 100.0, "exit": 104.0, "qty": 2.0, "pnl": 8.0, "reason": "TAKE_PROFIT", "strategist": "trend", "logged_at": 1777162612.4048314}
{"symbol": "S", "entry": 100.0, "exit": 199.8192749715343, "qty": 0.904113213191598, "pnl": 90.2479, "reason": "TAKE_PROFIT", "strategist": "trend", "logged_at": 1777162612.621025}
{"symbol": "P", "entry": 100.0, "exit": 109.95993180473228, "qty": 0.8406135366140102, "pnl": 8.3725, "reason": "TAKE_PROFIT", "strategist": "trend", "logged_at": 1777162613.6896198}
{"symbol": "A", "entry": 1.0, "exit": 0.9989501281186378, "qty": 0.8826529485133093, "pnl": -0.0009, "reason": "STRATEGY_CHANGE", "strategist": "t", "logged_at": 1777162649.2230375}
{"symbol": "BTC/USDT", "entry": 100.0, "exit": 104.0, "qty": 2.0, "pnl": 8.0, "reason": "TAKE_PROFIT", "strategist": "trend", "logged_at": 1777162649.3110394}
{"symbol": "S", "entry": 100.0, "exit": 199.9232551464011, "qty": 0.7679210375636223, "pnl": 76.7332, "reason": "TAKE_PROFIT", "strategist": "trend", "logged_at": 1777162649.5968013}
{"symbol": "P", "entry": 100.0, "exit": 109.88967500104313, "qty": 0.8604107823687027, "pnl": 8.5092, "reason": "TAKE_PROFIT", "strategist": "trend", "logged_at": 1777162650.5585408}
{"symbol": "A", "entry": 1.0, "exit": 0.9992753217795098, "qty": 0.7899590007015215, "pnl": -0.0006, "reason": "STRATEGY_CHANGE", "strategist": "t", "logged_at": 1777162690.0294952}
{"symbol": "BTC/USDT", "entry": 100.0, "exit": 104.0, "qty": 2.0, "pnl": 8.0, "reason": "TAKE_PROFIT", "strategist": "trend", "logged_at": 1777162690.0835433}
{"symbol": "S", "entry": 100.0, "exit": 199.9173391668584, "qty": 0.8307721753105043, "pnl": 83.0085, "reason": "TAKE_PROFIT", "strategist": "trend", "logged_at": 1777162690.4056642}
{"symbol": "P", "entry": 100.0, "exit": 109.87006997638731, "qty": 0.9490187983230478, "pnl": 9.3669, "reason": "TAKE_PROFIT", "strategist": "trend", "logged_at": 1777162691.3999715}
{"symbol": "A", "entry": 1.0, "exit": 0.9988287324021159, "qty": 0.8719347545689843, "pnl": -0.001, "reason": "STRATEGY_CHANGE", "strategist": "t", "logged_at": 1777162714.6728914}
{"symbol": "BTC/USDT", "entry": 100.0, "exit": 104.0, "qty": 2.0, "pnl": 8.0, "reason": "TAKE_PROFIT", "strategist": "trend", "logged_at": 1777162714.7283916}
{"symbol": "S", "entry": 100.0, "exit": 199.7609760228977, "qty": 0.904098828164405, "pnl": 90.1938, "reason": "TAKE_PROFIT", "strategist": "trend", "logged_at": 1777162715.0019376}
{"symbol": "P", "entry": 100.0, "exit": 109.87276595620041, "qty": 0.9538423065246128, "pnl": 9.4171, "reason": "TAKE_PROFIT", "strategist": "trend", "logged_at": 1777162715.9849672}
{"symbol": "A", "entry": 1.0, "exit": 0.9992598517986304, "qty": 0.99429065505959, "pnl": -0.0007, "reason": "STRATEGY_CHANGE", "strategist": "t", "logged_at": 1777162734.0777357}
{"symbol": "BTC/USDT", "entry": 100.0, "exit": 104.0, "qty": 2.0, "pnl": 8.0, "reason": "TAKE_PROFIT", "strategist": "trend", "logged_at": 1777162734.1372824}
{"symbol": "S", "entry": 100.0, "exit": 199.79577737869496, "qty": 0.8701828405105416, "pnl": 86.8406, "reason": "TAKE_PROFIT", "strategist": "trend", "logged_at": 1777162734.25036}
{"symbol": "P", "entry": 100.0, "exit": 109.9576054008544, "qty": 0.8955596497230056, "pnl": 8.9176, "reason": "TAKE_PROFIT", "strategist": "trend", "logged_at": 1777162735.3223357}
{"symbol": "A", "entry": 1.0, "exit": 0.9994274461291573, "qty": 0.9192590377222438, "pnl": -0.0005, "reason": "STRATEGY_CHANGE", "strategist": "t", "logged_at": 1777162782.362907}
{"symbol": "BTC/USDT", "entry": 100.0, "exit": 104.0, "qty": 2.0, "pnl": 8.0, "reason": "TAKE_PROFIT", "strategist": "trend", "logged_at": 1777162782.4240935}
{"symbol": "S", "entry": 100.0, "exit": 199.7878160747113, "qty": 0.8621487103623862, "pnl": 86.0319, "reason": "TAKE_PROFIT", "strategist": "trend", "logged_at": 1777162782.6626422}
{"symbol": "P", "entry": 100.0, "exit": 109.93009893767307, "qty": 0.7391694334458636, "pnl": 7.34, "reason": "TAKE_PROFIT", "strategist": "trend", "logged_at": 1777162784.0938303}
{"symbol": "A", "entry": 1.0, "exit": 0.9995000435614059, "qty": 0.7273242344820212, "pnl": -0.0004, "reason": "STRATEGY_CHANGE", "strategist": "t", "logged_at": 1777162874.955329}
{"symbol": "BTC/USDT", "entry": 100.0, "exit": 104.0, "qty": 2.0, "pnl": 8.0, "reason": "TAKE_PROFIT", "strategist": "trend", "logged_at": 1777162875.019455}
{"symbol": "S", "entry": 100.0, "exit": 199.84888835459944, "qty": 0.9269354962266814, "pnl": 92.5535, "reason": "TAKE_PROFIT", "strategist": "trend", "logged_at": 1777162875.1710944}
{"symbol": "P", "entry": 100.0, "exit": 109.96336474720475, "qty": 0.8754664735753199, "pnl": 8.7226, "reason": "TAKE_PROFIT", "strategist": "trend", "logged_at": 1777162876.3623796}
{"symbol": "A", "entry": 1.0, "exit": 0.9992347802875481, "qty": 0.9787324687546712, "pnl": -0.0007, "reason": "STRATEGY_CHANGE", "strategist": "t", "logged_at": 1777162903.8701038}
{"symbol": "BTC/USDT", "entry": 100.0, "exit": 104.0, "qty": 2.0, "pnl": 8.0, "reason": "TAKE_PROFIT", "strategist": "trend", "logged_at": 1777162903.927387}
{"symbol": "S", "entry": 100.0, "exit": 199.88945031457817, "qty": 0.703288578901216, "pnl": 70.2511, "reason": "TAKE_PROFIT", "strategist": "trend", "logged_at": 1777162904.0862052}
{"symbol": "P", "entry": 100.0, "exit": 109.88493241808949, "qty": 0.9758454456430603, "pnl": 9.6462, "reason": "TAKE_PROFIT", "strategist": "trend", "logged_at": 1777162905.1460392}
{"symbol": "A", "entry": 1.0, "exit": 0.9990834967073703, "qty": 0.8574162729123016, "pnl": -0.0008, "reason": "STRATEGY_CHANGE", "strategist": "t", "logged_at": 1777162929.234785}
{"symbol": "BTC/USDT", "entry": 100.0, "exit": 104.0, "qty": 2.0, "pnl": 8.0, "reason": "TAKE_PROFIT", "strategist": "trend", "logged_at": 1777162929.3041425}
{"symbol": "S", "entry": 100.0, "exit": 199.8681897143641, "qty": 0.8648116412918838, "pnl": 86.3672, "reason": "TAKE_PROFIT", "strategist": "trend", "logged_at": 1777162929.4206305}
{"symbol": "P", "entry": 100.0, "exit": 109.95106570182996, "qty": 0.7524870100221016, "pnl": 7.488, "reason": "TAKE_PROFIT", "strategist": "trend", "logged_at": 1777162930.4759662}
{"symbol": "A", "entry": 1.0, "exit": 0.9991737343447116, "qty": 0.8070995989409881, "pnl": -0.0007, "reason": "STRATEGY_CHANGE", "strategist": "t", "logged_at": 1777162992.4724038}
{"symbol": "BTC/USDT", "entry": 100.0, "exit": 104.0, "qty": 2.0, "pnl": 8.0, "reason": "TAKE_PROFIT", "strategist": "trend", "logged_at": 1777162992.5312133}
{"symbol": "S", "entry": 100.0, "exit": 199.91336435388087, "qty": 0.8196006574452926, "pnl": 81.8891, "reason": "TAKE_PROFIT", "strategist": "trend", "logged_at": 1777162992.686407}
{"symbol": "P", "entry": 100.0, "exit": 109.91696498889988, "qty": 0.8339178466534359, "pnl": 8.2699, "reason": "TAKE_PROFIT", "strategist": "trend", "logged_at": 1777162993.8855324}
{"symbol": "A", "entry": 1.0, "exit": 0.9988008339857738, "qty": 0.7349317919624861, "pnl": -0.0009, "reason": "STRATEGY_CHANGE", "strategist": "t", "logged_at": 1777163402.0713818}
{"symbol": "BTC/USDT", "entry": 100.0, "exit": 104.0, "qty": 2.0, "pnl": 8.0, "reason": "TAKE_PROFIT", "strategist": "trend", "logged_at": 1777163402.133114}
{"symbol": "S", "entry": 100.0, "exit": 199.91815320156059, "qty": 0.9826670619289783, "pnl": 98.1863, "reason": "TAKE_PROFIT", "strategist": "trend", "logged_at": 1777163402.4572618}
{"symbol": "P", "entry": 100.0, "exit": 109.93173795485208, "qty": 0.861729774250626, "pnl": 8.5585, "reason": "TAKE_PROFIT", "strategist": "trend", "logged_at": 1777163403.4964876}
{"symbol": "A", "entry": 1.0, "exit": 0.9990449956934763, "qty": 0.9789980841135288, "pnl": -0.0009, "reason": "STRATEGY_CHANGE", "strategist": "t", "logged_at": 1777163451.420489}
{"symbol": "BTC/USDT", "entry": 100.0, "exit": 104.0, "qty": 2.0, "pnl": 8.0, "reason": "TAKE_PROFIT", "strategist": "trend", "logged_at": 1777163451.4887612}
{"symbol": "S", "entry": 100.0, "exit": 199.78485883030294, "qty": 0.7616238706510399, "pnl": 75.9985, "reason": "TAKE_PROFIT", "strategist": "trend", "logged_at": 1777163451.8439867}
{"symbol": "P", "entry": 100.0, "exit": 109.87721890720529, "qty": 0.7529946133461494, "pnl": 7.4375, "reason": "TAKE_PROFIT", "strategist": "trend", "logged_at": 1777163453.0894232}
{"symbol": "A", "entry": 1.0, "exit": 0.999438453032957, "qty": 0.8153808976924827, "pnl": -0.0005, "reason": "STRATEGY_CHANGE", "strategist": "t", "logged_at": 1777163709.7966294}
{"symbol": "BTC/USDT", "entry": 100.0, "exit": 104.0, "qty": 2.0, "pnl": 8.0, "reason": "TAKE_PROFIT", "strategist": "trend", "logged_at": 1777163709.8613567}
{"symbol": "S", "entry": 100.0, "exit": 199.88046457314624, "qty": 0.9354430651145664, "pnl": 93.4325, "reason": "TAKE_PROFIT", "strategist": "trend", "logged_at": 1777163710.012381}
{"symbol": "P", "entry": 100.0, "exit": 109.91962929132804, "qty": 0.9305190967493577, "pnl": 9.2304, "reason": "TAKE_PROFIT", "strategist": "trend", "logged_at": 1777163711.1096997}
{"symbol": "A", "entry": 1.0, "exit": 0.999431024621034, "qty": 0.8834119413410499, "pnl": -0.0005, "reason": "STRATEGY_CHANGE", "strategist": "t", "logged_at": 1777163761.1485906}
{"symbol": "BTC/USDT", "entry": 100.0, "exit": 104.0, "qty": 2.0, "pnl": 8.0, "reason": "TAKE_PROFIT", "strategist": "trend", "logged_at": 1777163761.2027323}
{"symbol": "S", "entry": 100.0, "exit": 199.80755998132645, "qty": 0.9912698374013513, "pnl": 98.9362, "reason": "TAKE_PROFIT", "strategist": "trend", "logged_at": 1777163761.3205016}
{"symbol": "P", "entry": 100.0, "exit": 109.90076604005573, "qty": 0.8293637651509715, "pnl": 8.2113, "reason": "TAKE_PROFIT", "strategist": "trend", "logged_at": 1777163762.3846612}
{"symbol": "A", "entry": 1.0, "exit": 0.9994326518746162, "qty": 0.8798954074286659, "pnl": -0.0005, "reason": "STRATEGY_CHANGE", "strategist": "t", "logged_at": 1777163956.0484574}
{"symbol": "BTC/USDT", "entry": 100.0, "exit": 104.0, "qty": 2.0, "pnl": 8.0, "reason": "TAKE_PROFIT", "strategist": "trend", "logged_at": 1777163956.1058035}
{"symbol": "S", "entry": 100.0, "exit": 199.7689860933639, "qty": 0.8885764776861201, "pnl": 88.6524, "reason": "TAKE_PROFIT", "strategist": "trend", "logged_at": 1777163956.3313074}
{"symbol": "P", "entry": 100.0, "exit": 109.8746329229457, "qty": 0.7845558834417979, "pnl": 7.7472, "reason": "TAKE_PROFIT", "strategist": "trend", "logged_at": 1777163957.339786}
{"symbol": "A", "entry": 1.0, "exit": 0.9993627564524996, "qty": 0.9913126818994011, "pnl": -0.0006, "reason": "STRATEGY_CHANGE", "strategist": "t", "logged_at": 1777164270.839013}
{"symbol": "BTC/USDT", "entry": 100.0, "exit": 104.0, "qty": 2.0, "pnl": 8.0, "reason": "TAKE_PROFIT", "strategist": "trend", "logged_at": 1777164270.9692822}
{"symbol": "S", "entry": 100.0, "exit": 199.90346037074062, "qty": 0.783127867598071, "pnl": 78.2372, "reason": "TAKE_PROFIT", "strategist": "trend", "logged_at": 1777164271.088752}
{"symbol": "P", "entry": 100.0, "exit": 109.90419521873883, "qty": 0.7789810711447103, "pnl": 7.7152, "reason": "TAKE_PROFIT", "strategist": "trend", "logged_at": 1777164272.1143858}
{"symbol": "A", "entry": 1.0, "exit": 0.9995471878738268, "qty": 0.8858012301842357, "pnl": -0.0004, "reason": "STRATEGY_CHANGE", "strategist": "t", "logged_at": 1777164362.7738612}
{"symbol": "BTC/USDT", "entry": 100.0, "exit": 104.0, "qty": 2.0, "pnl": 8.0, "reason": "TAKE_PROFIT", "strategist": "trend", "logged_at": 1777164363.004818}
{"symbol": "S", "entry": 100.0, "exit": 199.8495187320102, "qty": 0.913686707216999, "pnl": 91.2312, "reason": "TAKE_PROFIT", "strategist": "trend", "logged_at": 1777164363.4780238}
{"symbol": "P", "entry": 100.0, "exit": 109.9321766929751, "qty": 0.7791166356822827, "pnl": 7.7383, "reason": "TAKE_PROFIT", "strategist": "trend", "logged_at": 1777164365.15889}
{"symbol": "L", "entry": 100.0, "exit": 80.0, "qty": 1.0, "pnl": -20.0, "reason": "STOP_LOSS", "strategist": "trend", "logged_at": 1777164468.5034132}
{"symbol": "T", "entry": 100.0, "exit": 99.0, "qty": 1.0, "pnl": -1.0, "reason": "TRAILING_STOP", "strategist": "trend", "logged_at": 1777164468.5113897}
{"symbol": "S", "entry": 100.0, "exit": 100.0, "qty": 1.0, "pnl": 0.0, "reason": "SIGNAL_EXIT", "strategist": "trend", "logged_at": 1777164468.5163693}
{"symbol": "L", "entry": 100.0, "exit": 99.0, "qty": 1.0, "pnl": -1.0, "reason": "TRAILING_STOP", "strategist": "t", "logged_at": 1777164468.5302048}
{"symbol": "L", "entry": 100.0, "exit": 80.0, "qty": 1.0, "pnl": -20.0, "reason": "STOP_LOSS", "strategist": "trend", "logged_at": 1777164495.3626378}
{"symbol": "T", "entry": 100.0, "exit": 99.0, "qty": 1.0, "pnl": -1.0, "reason": "TRAILING_STOP", "strategist": "trend", "logged_at": 1777164495.3717418}
{"symbol": "S", "entry": 100.0, "exit": 100.0, "qty": 1.0, "pnl": 0.0, "reason": "SIGNAL_EXIT", "strategist": "trend", "logged_at": 1777164495.3755584}
{"symbol": "L", "entry": 100.0, "exit": 99.0, "qty": 1.0, "pnl": -1.0, "reason": "TRAILING_STOP", "strategist": "t", "logged_at": 1777164495.3884175}
{"symbol": "R", "entry": 10.0, "exit": 10.0, "qty": 1.0, "pnl": 0.0, "reason": "T", "strategist": "t", "logged_at": 1777164495.3998144}
{"symbol": "L", "entry": 100.0, "exit": 80.0, "qty": 1.0, "pnl": -20.0, "reason": "STOP_LOSS", "strategist": "trend", "logged_at": 1777164501.8450208}
{"symbol": "T", "entry": 100.0, "exit": 99.0, "qty": 1.0, "pnl": -1.0, "reason": "TRAILING_STOP", "strategist": "trend", "logged_at": 1777164501.8581994}
{"symbol": "S", "entry": 100.0, "exit": 100.0, "qty": 1.0, "pnl": 0.0, "reason": "SIGNAL_EXIT", "strategist": "trend", "logged_at": 1777164501.862971}
{"symbol": "L", "entry": 100.0, "exit": 99.0, "qty": 1.0, "pnl": -1.0, "reason": "TRAILING_STOP", "strategist": "t", "logged_at": 1777164501.8863723}
{"symbol": "R", "entry": 10.0, "exit": 10.0, "qty": 1.0, "pnl": 0.0, "reason": "T", "strategist": "t", "logged_at": 1777164501.9044335}
{"symbol": "A", "entry": 1.0, "exit": 0.9992222938683162, "qty": 0.8860890303203621, "pnl": -0.0007, "reason": "STRATEGY_CHANGE", "strategist": "t", "logged_at": 1777164502.7211902}
{"symbol": "BTC/USDT", "entry": 100.0, "exit": 104.0, "qty": 2.0, "pnl": 8.0, "reason": "TAKE_PROFIT", "strategist": "trend", "logged_at": 1777164502.7773778}
{"symbol": "S", "entry": 100.0, "exit": 199.79378151001262, "qty": 0.8677463329657709, "pnl": 86.5957, "reason": "TAKE_PROFIT", "strategist": "trend", "logged_at": 1777164503.0482204}
{"symbol": "P", "entry": 100.0, "exit": 109.90693687048389, "qty": 0.8968804420010948, "pnl": 8.8853, "reason": "TAKE_PROFIT", "strategist": "trend", "logged_at": 1777164504.306499}
{"symbol": "L", "entry": 100.0, "exit": 80.0, "qty": 1.0, "pnl": -20.0, "reason": "STOP_LOSS", "strategist": "trend", "logged_at": 1777164655.46518}
{"symbol": "T", "entry": 100.0, "exit": 99.0, "qty": 1.0, "pnl": -1.0, "reason": "TRAILING_STOP", "strategist": "trend", "logged_at": 1777164655.4802735}
{"symbol": "S", "entry": 100.0, "exit": 100.0, "qty": 1.0, "pnl": 0.0, "reason": "SIGNAL_EXIT", "strategist": "trend", "logged_at": 1777164655.4861465}
{"symbol": "L", "entry": 100.0, "exit": 99.0, "qty": 1.0, "pnl": -1.0, "reason": "TRAILING_STOP", "strategist": "t", "logged_at": 1777164655.5000474}
{"symbol": "R", "entry": 10.0, "exit": 10.0, "qty": 1.0, "pnl": 0.0, "reason": "T", "strategist": "t", "logged_at": 1777164655.5623846}
{"symbol": "L", "entry": 100.0, "exit": 80.0, "qty": 1.0, "pnl": -20.0, "reason": "STOP_LOSS", "strategist": "trend", "logged_at": 1777164707.9318907}
{"symbol": "T", "entry": 100.0, "exit": 99.0, "qty": 1.0, "pnl": -1.0, "reason": "TRAILING_STOP", "strategist": "trend", "logged_at": 1777164707.9589338}
{"symbol": "S", "entry": 100.0, "exit": 100.0, "qty": 1.0, "pnl": 0.0, "reason": "SIGNAL_EXIT", "strategist": "trend", "logged_at": 1777164707.963082}
{"symbol": "L", "entry": 100.0, "exit": 99.0, "qty": 1.0, "pnl": -1.0, "reason": "TRAILING_STOP", "strategist": "t", "logged_at": 1777164707.9777343}
{"symbol": "R", "entry": 10.0, "exit": 10.0, "qty": 1.0, "pnl": 0.0, "reason": "T", "strategist": "t", "logged_at": 1777164707.9877157}
{"symbol": "L", "entry": 100.0, "exit": 80.0, "qty": 1.0, "pnl": -20.0, "reason": "STOP_LOSS", "strategist": "trend", "logged_at": 1777164785.9210865}
{"symbol": "T", "entry": 100.0, "exit": 99.0, "qty": 1.0, "pnl": -1.0, "reason": "TRAILING_STOP", "strategist": "trend", "logged_at": 1777164785.939851}
{"symbol": "S", "entry": 100.0, "exit": 100.0, "qty": 1.0, "pnl": 0.0, "reason": "SIGNAL_EXIT", "strategist": "trend", "logged_at": 1777164785.9434507}
{"symbol": "L", "entry": 100.0, "exit": 99.0, "qty": 1.0, "pnl": -1.0, "reason": "TRAILING_STOP", "strategist": "t", "logged_at": 1777164785.9643443}
{"symbol": "R", "entry": 10.0, "exit": 10.0, "qty": 1.0, "pnl": 0.0, "reason": "T", "strategist": "t", "logged_at": 1777164785.9750004}
{"symbol": "L", "entry": 100.0, "exit": 80.0, "qty": 1.0, "pnl": -20.0, "reason": "STOP_LOSS", "strategist": "trend", "logged_at": 1777164799.6722481}
{"symbol": "T", "entry": 100.0, "exit": 99.0, "qty": 1.0, "pnl": -1.0, "reason": "TRAILING_STOP", "strategist": "trend", "logged_at": 1777164799.6850476}
{"symbol": "S", "entry": 100.0, "exit": 100.0, "qty": 1.0, "pnl": 0.0, "reason": "SIGNAL_EXIT", "strategist": "trend", "logged_at": 1777164799.6903234}
{"symbol": "L", "entry": 100.0, "exit": 99.0, "qty": 1.0, "pnl": -1.0, "reason": "TRAILING_STOP", "strategist": "t", "logged_at": 1777164799.7110043}
{"symbol": "R", "entry": 10.0, "exit": 10.0, "qty": 1.0, "pnl": 0.0, "reason": "T", "strategist": "t", "logged_at": 1777164799.7234094}
{"symbol": "A", "entry": 1.0, "exit": 0.999477742083803, "qty": 0.7964544704498852, "pnl": -0.0004, "reason": "STRATEGY_CHANGE", "strategist": "t", "logged_at": 1777164802.5741804}
{"symbol": "BTC/USDT", "entry": 100.0, "exit": 104.0, "qty": 2.0, "pnl": 8.0, "reason": "TAKE_PROFIT", "strategist": "trend", "logged_at": 1777164802.6291656}
{"symbol": "S", "entry": 100.0, "exit": 199.91573439111727, "qty": 0.8248388270936826, "pnl": 82.4144, "reason": "TAKE_PROFIT", "strategist": "trend", "logged_at": 1777164802.8051198}
{"symbol": "P", "entry": 100.0, "exit": 109.88150598864344, "qty": 0.7508022363876454, "pnl": 7.4191, "reason": "TAKE_PROFIT", "strategist": "trend", "logged_at": 1777164803.8956556}
{"symbol": "L", "entry": 100.0, "exit": 80.0, "qty": 1.0, "pnl": -20.0, "reason": "STOP_LOSS", "strategist": "trend", "logged_at": 1777164855.8842084}
{"symbol": "T", "entry": 100.0, "exit": 99.0, "qty": 1.0, "pnl": -1.0, "reason": "TRAILING_STOP", "strategist": "trend", "logged_at": 1777164855.8997347}
{"symbol": "S", "entry": 100.0, "exit": 100.0, "qty": 1.0, "pnl": 0.0, "reason": "SIGNAL_EXIT", "strategist": "trend", "logged_at": 1777164855.9055808}
{"symbol": "L", "entry": 100.0, "exit": 99.0, "qty": 1.0, "pnl": -1.0, "reason": "TRAILING_STOP", "strategist": "t", "logged_at": 1777164855.9260917}
{"symbol": "R", "entry": 10.0, "exit": 10.0, "qty": 1.0, "pnl": 0.0, "reason": "T", "strategist": "t", "logged_at": 1777164855.9377778}
{"symbol": "L", "entry": 100.0, "exit": 80.0, "qty": 1.0, "pnl": -20.0, "reason": "STOP_LOSS", "strategist": "trend", "logged_at": 1777164943.1585903}
{"symbol": "T", "entry": 100.0, "exit": 99.0, "qty": 1.0, "pnl": -1.0, "reason": "TRAILING_STOP", "strategist": "trend", "logged_at": 1777164943.1730037}
{"symbol": "S", "entry": 100.0, "exit": 100.0, "qty": 1.0, "pnl": 0.0, "reason": "SIGNAL_EXIT", "strategist": "trend", "logged_at": 1777164943.1789074}
{"symbol": "L", "entry": 100.0, "exit": 99.0, "qty": 1.0, "pnl": -1.0, "reason": "TRAILING_STOP", "strategist": "t", "logged_at": 1777164943.1979156}
{"symbol": "R", "entry": 10.0, "exit": 10.0, "qty": 1.0, "pnl": 0.0, "reason": "T", "strategist": "t", "logged_at": 1777164943.2089145}
{"symbol": "A", "entry": 1.0, "exit": 0.9994193560188219, "qty": 0.951024505626092, "pnl": -0.0006, "reason": "STRATEGY_CHANGE", "strategist": "t", "logged_at": 1777164943.537634}
{"symbol": "BTC/USDT", "entry": 100.0, "exit": 104.0, "qty": 2.0, "pnl": 8.0, "reason": "TAKE_PROFIT", "strategist": "trend", "logged_at": 1777164943.62198}
{"symbol": "S", "entry": 100.0, "exit": 199.9096360935712, "qty": 0.9188045476362323, "pnl": 91.7974, "reason": "TAKE_PROFIT", "strategist": "trend", "logged_at": 1777164943.9711354}
{"symbol": "P", "entry": 100.0, "exit": 109.90742930593932, "qty": 0.9644245092362893, "pnl": 9.555, "reason": "TAKE_PROFIT", "strategist": "trend", "logged_at": 1777164945.1669543}
{"symbol": "L", "entry": 100.0, "exit": 80.0, "qty": 1.0, "pnl": -20.0, "reason": "STOP_LOSS", "strategist": "trend", "logged_at": 1777164974.62852}
{"symbol": "T", "entry": 100.0, "exit": 99.0, "qty": 1.0, "pnl": -1.0, "reason": "TRAILING_STOP", "strategist": "trend", "logged_at": 1777164974.644777}
{"symbol": "S", "entry": 100.0, "exit": 100.0, "qty": 1.0, "pnl": 0.0, "reason": "SIGNAL_EXIT", "strategist": "trend", "logged_at": 1777164974.654732}
{"symbol": "L", "entry": 100.0, "exit": 99.0, "qty": 1.0, "pnl": -1.0, "reason": "TRAILING_STOP", "strategist": "t", "logged_at": 1777164974.6748812}
{"symbol": "R", "entry": 10.0, "exit": 10.0, "qty": 1.0, "pnl": 0.0, "reason": "T", "strategist": "t", "logged_at": 1777164974.688274}
{"symbol": "A", "entry": 1.0, "exit": 0.9993682094210073, "qty": 0.9852278204344906, "pnl": -0.0006, "reason": "STRATEGY_CHANGE", "strategist": "t", "logged_at": 1777164975.02131}
{"symbol": "BTC/USDT", "entry": 100.0, "exit": 104.0, "qty": 2.0, "pnl": 8.0, "reason": "TAKE_PROFIT", "strategist": "trend", "logged_at": 1777164975.0763862}
{"symbol": "S", "entry": 100.0, "exit": 199.83548778732487, "qty": 0.7999128306863685, "pnl": 79.8597, "reason": "TAKE_PROFIT", "strategist": "trend", "logged_at": 1777164975.3942926}
{"symbol": "P", "entry": 100.0, "exit": 109.88673526737801, "qty": 0.9727760527518241, "pnl": 9.6176, "reason": "TAKE_PROFIT", "strategist": "trend", "logged_at": 1777164976.6472301}
{"symbol": "L", "entry": 100.0, "exit": 80.0, "qty": 1.0, "pnl": -20.0, "reason": "STOP_LOSS", "strategist": "trend", "logged_at": 1777165347.6311073}
{"symbol": "T", "entry": 100.0, "exit": 99.0, "qty": 1.0, "pnl": -1.0, "reason": "TRAILING_STOP", "strategist": "trend", "logged_at": 1777165347.645885}
{"symbol": "S", "entry": 100.0, "exit": 100.0, "qty": 1.0, "pnl": 0.0, "reason": "SIGNAL_EXIT", "strategist": "trend", "logged_at": 1777165347.651176}
{"symbol": "L", "entry": 100.0, "exit": 99.0, "qty": 1.0, "pnl": -1.0, "reason": "TRAILING_STOP", "strategist": "t", "logged_at": 1777165347.6706543}
{"symbol": "R", "entry": 10.0, "exit": 10.0, "qty": 1.0, "pnl": 0.0, "reason": "T", "strategist": "t", "logged_at": 1777165347.6824214}
{"symbol": "A", "entry": 1.0, "exit": 0.9989345732261811, "qty": 0.7118647838254499, "pnl": -0.0008, "reason": "STRATEGY_CHANGE", "strategist": "t", "logged_at": 1777165348.1069105}
{"symbol": "BTC/USDT", "entry": 100.0, "exit": 104.0, "qty": 2.0, "pnl": 8.0, "reason": "TAKE_PROFIT", "strategist": "trend", "logged_at": 1777165348.1619878}
{"symbol": "S", "entry": 100.0, "exit": 199.7938268682272, "qty": 0.9408990072941509, "pnl": 93.8959, "reason": "TAKE_PROFIT", "strategist": "trend", "logged_at": 1777165348.3226209}
{"symbol": "P", "entry": 100.0, "exit": 109.91939335701785, "qty": 0.8062225624357151, "pnl": 7.9972, "reason": "TAKE_PROFIT", "strategist": "trend", "logged_at": 1777165349.3860571}
{"symbol": "L", "entry": 100.0, "exit": 80.0, "qty": 1.0, "pnl": -20.0, "reason": "STOP_LOSS", "strategist": "trend", "logged_at": 1777165694.1700876}
{"symbol": "T", "entry": 100.0, "exit": 99.0, "qty": 1.0, "pnl": -1.0, "reason": "TRAILING_STOP", "strategist": "trend", "logged_at": 1777165694.1905353}
{"symbol": "S", "entry": 100.0, "exit": 100.0, "qty": 1.0, "pnl": 0.0, "reason": "SIGNAL_EXIT", "strategist": "trend", "logged_at": 1777165694.196613}
{"symbol": "L", "entry": 100.0, "exit": 99.0, "qty": 1.0, "pnl": -1.0, "reason": "TRAILING_STOP", "strategist": "t", "logged_at": 1777165694.2216187}
{"symbol": "R", "entry": 10.0, "exit": 10.0, "qty": 1.0, "pnl": 0.0, "reason": "T", "strategist": "t", "logged_at": 1777165694.2369974}
{"symbol": "A", "entry": 1.0, "exit": 0.9991630989666115, "qty": 0.8855293631927085, "pnl": -0.0007, "reason": "STRATEGY_CHANGE", "strategist": "t", "logged_at": 1777165694.5576825}
{"symbol": "BTC/USDT", "entry": 100.0, "exit": 104.0, "qty": 2.0, "pnl": 8.0, "reason": "TAKE_PROFIT", "strategist": "trend", "logged_at": 1777165694.6182575}
{"symbol": "S", "entry": 100.0, "exit": 199.88124718265823, "qty": 0.7272471806533903, "pnl": 72.6384, "reason": "TAKE_PROFIT", "strategist": "trend", "logged_at": 1777165694.8400917}
{"symbol": "P", "entry": 100.0, "exit": 109.95014343346121, "qty": 0.9386189341765305, "pnl": 9.3394, "reason": "TAKE_PROFIT", "strategist": "trend", "logged_at": 1777165695.9524329}
{"symbol": "L", "entry": 100.0, "exit": 80.0, "qty": 1.0, "pnl": -20.0, "reason": "STOP_LOSS", "strategist": "trend", "logged_at": 1777165923.9009094}
{"symbol": "T", "entry": 100.0, "exit": 99.0, "qty": 1.0, "pnl": -1.0, "reason": "TRAILING_STOP", "strategist": "trend", "logged_at": 1777165923.9151232}
{"symbol": "S", "entry": 100.0, "exit": 100.0, "qty": 1.0, "pnl": 0.0, "reason": "SIGNAL_EXIT", "strategist": "trend", "logged_at": 1777165923.9241393}
{"symbol": "L", "entry": 100.0, "exit": 99.0, "qty": 1.0, "pnl": -1.0, "reason": "TRAILING_STOP", "strategist": "t", "logged_at": 1777165923.945036}
{"symbol": "R", "entry": 10.0, "exit": 10.0, "qty": 1.0, "pnl": 0.0, "reason": "T", "strategist": "t", "logged_at": 1777165923.9579363}
{"symbol": "A", "entry": 1.0, "exit": 0.9993537488244246, "qty": 0.8608564514268123, "pnl": -0.0006, "reason": "STRATEGY_CHANGE", "strategist": "t", "logged_at": 1777165924.2592533}
{"symbol": "BTC/USDT", "entry": 100.0, "exit": 104.0, "qty": 2.0, "pnl": 8.0, "reason": "TAKE_PROFIT", "strategist": "trend", "logged_at": 1777165924.3111367}
{"symbol": "S", "entry": 100.0, "exit": 199.92369645650757, "qty": 0.8352943686905099, "pnl": 83.4657, "reason": "TAKE_PROFIT", "strategist": "trend", "logged_at": 1777165924.4302096}
{"symbol": "P", "entry": 100.0, "exit": 109.92205225230087, "qty": 0.936684581434404, "pnl": 9.2938, "reason": "TAKE_PROFIT", "strategist": "trend", "logged_at": 1777165925.459095}
{"symbol": "L", "entry": 100.0, "exit": 80.0, "qty": 1.0, "pnl": -20.0, "reason": "STOP_LOSS", "strategist": "trend", "logged_at": 1777166009.0345497}
{"symbol": "T", "entry": 100.0, "exit": 99.0, "qty": 1.0, "pnl": -1.0, "reason": "TRAILING_STOP", "strategist": "trend", "logged_at": 1777166009.0505984}
{"symbol": "S", "entry": 100.0, "exit": 100.0, "qty": 1.0, "pnl": 0.0, "reason": "SIGNAL_EXIT", "strategist": "trend", "logged_at": 1777166009.058371}
{"symbol": "L", "entry": 100.0, "exit": 99.0, "qty": 1.0, "pnl": -1.0, "reason": "TRAILING_STOP", "strategist": "t", "logged_at": 1777166009.078376}
{"symbol": "R", "entry": 10.0, "exit": 10.0, "qty": 1.0, "pnl": 0.0, "reason": "T", "strategist": "t", "logged_at": 1777166009.0926743}
{"symbol": "A", "entry": 1.0, "exit": 0.9989123292593726, "qty": 0.9211370625501548, "pnl": -0.001, "reason": "STRATEGY_CHANGE", "strategist": "t", "logged_at": 1777166009.534017}
{"symbol": "BTC/USDT", "entry": 100.0, "exit": 104.0, "qty": 2.0, "pnl": 8.0, "reason": "TAKE_PROFIT", "strategist": "trend", "logged_at": 1777166009.6254761}
{"symbol": "S", "entry": 100.0, "exit": 199.89099429130417, "qty": 0.9047405197699704, "pnl": 90.3754, "reason": "TAKE_PROFIT", "strategist": "trend", "logged_at": 1777166009.9063025}
{"symbol": "P", "entry": 100.0, "exit": 109.9666857854642, "qty": 0.9003576888121474, "pnl": 8.9736, "reason": "TAKE_PROFIT", "strategist": "trend", "logged_at": 1777166011.1206236}
{"symbol": "L", "entry": 100.0, "exit": 80.0, "qty": 1.0, "pnl": -20.0, "reason": "STOP_LOSS", "strategist": "trend", "logged_at": 1777225812.1583266}
{"symbol": "T", "entry": 100.0, "exit": 99.0, "qty": 1.0, "pnl": -1.0, "reason": "TRAILING_STOP", "strategist": "trend", "logged_at": 1777225812.1729605}
{"symbol": "S", "entry": 100.0, "exit": 100.0, "qty": 1.0, "pnl": 0.0, "reason": "SIGNAL_EXIT", "strategist": "trend", "logged_at": 1777225812.1775658}
{"symbol": "L", "entry": 100.0, "exit": 99.0, "qty": 1.0, "pnl": -1.0, "reason": "TRAILING_STOP", "strategist": "t", "logged_at": 1777225812.2036264}
{"symbol": "R", "entry": 10.0, "exit": 10.0, "qty": 1.0, "pnl": 0.0, "reason": "T", "strategist": "t", "logged_at": 1777225812.2136202}
{"symbol": "A", "entry": 1.0, "exit": 0.9989079391870413, "qty": 0.7986376931475286, "pnl": -0.0009, "reason": "STRATEGY_CHANGE", "strategist": "t", "logged_at": 1777225812.6686726}
{"symbol": "BTC/USDT", "entry": 100.0, "exit": 104.0, "qty": 2.0, "pnl": 8.0, "reason": "TAKE_PROFIT", "strategist": "trend", "logged_at": 1777225812.7933674}
{"symbol": "S", "entry": 100.0, "exit": 199.78691393660455, "qty": 0.8767821896269273, "pnl": 87.4914, "reason": "TAKE_PROFIT", "strategist": "trend", "logged_at": 1777225813.02818}
{"symbol": "P", "entry": 100.0, "exit": 109.89521662164023, "qty": 0.8473022174040363, "pnl": 8.3842, "reason": "TAKE_PROFIT", "strategist": "trend", "logged_at": 1777225814.197643}
{"symbol": "L", "entry": 100.0, "exit": 80.0, "qty": 1.0, "pnl": -20.0, "reason": "STOP_LOSS", "strategist": "trend", "logged_at": 1777225908.6676316}
{"symbol": "T", "entry": 100.0, "exit": 99.0, "qty": 1.0, "pnl": -1.0, "reason": "TRAILING_STOP", "strategist": "trend", "logged_at": 1777225908.6856587}
{"symbol": "S", "entry": 100.0, "exit": 100.0, "qty": 1.0, "pnl": 0.0, "reason": "SIGNAL_EXIT", "strategist": "trend", "logged_at": 1777225908.6954665}
{"symbol": "L", "entry": 100.0, "exit": 99.0, "qty": 1.0, "pnl": -1.0, "reason": "TRAILING_STOP", "strategist": "t", "logged_at": 1777225908.7383742}
{"symbol": "R", "entry": 10.0, "exit": 10.0, "qty": 1.0, "pnl": 0.0, "reason": "T", "strategist": "t", "logged_at": 1777225908.7714071}
{"symbol": "A", "entry": 1.0, "exit": 0.9993029547855192, "qty": 0.745163240523696, "pnl": -0.0005, "reason": "STRATEGY_CHANGE", "strategist": "t", "logged_at": 1777225909.2625108}
{"symbol": "BTC/USDT", "entry": 100.0, "exit": 104.0, "qty": 2.0, "pnl": 8.0, "reason": "TAKE_PROFIT", "strategist": "trend", "logged_at": 1777225909.3649707}
{"symbol": "S", "entry": 100.0, "exit": 199.76448098071242, "qty": 0.8455582672382513, "pnl": 84.3567, "reason": "TAKE_PROFIT", "strategist": "trend", "logged_at": 1777225909.5888073}
{"symbol": "P", "entry": 100.0, "exit": 109.92528841835254, "qty": 0.9664542529447412, "pnl": 9.5923, "reason": "TAKE_PROFIT", "strategist": "trend", "logged_at": 1777225911.0894847}
{"symbol": "L", "entry": 100.0, "exit": 80.0, "qty": 1.0, "pnl": -20.0, "reason": "STOP_LOSS", "strategist": "trend", "logged_at": 1777225981.4848485}
{"symbol": "T", "entry": 100.0, "exit": 99.0, "qty": 1.0, "pnl": -1.0, "reason": "TRAILING_STOP", "strategist": "trend", "logged_at": 1777225981.5017662}
{"symbol": "S", "entry": 100.0, "exit": 100.0, "qty": 1.0, "pnl": 0.0, "reason": "SIGNAL_EXIT", "strategist": "trend", "logged_at": 1777225981.5071168}
{"symbol": "L", "entry": 100.0, "exit": 99.0, "qty": 1.0, "pnl": -1.0, "reason": "TRAILING_STOP", "strategist": "t", "logged_at": 1777225981.536173}
{"symbol": "R", "entry": 10.0, "exit": 10.0, "qty": 1.0, "pnl": 0.0, "reason": "T", "strategist": "t", "logged_at": 1777225981.550567}
{"symbol": "A", "entry": 1.0, "exit": 0.9988337618633377, "qty": 0.7029614551320224, "pnl": -0.0008, "reason": "STRATEGY_CHANGE", "strategist": "t", "logged_at": 1777225981.8221526}
{"symbol": "BTC/USDT", "entry": 100.0, "exit": 104.0, "qty": 2.0, "pnl": 8.0, "reason": "TAKE_PROFIT", "strategist": "trend", "logged_at": 1777225981.8967638}
{"symbol": "S", "entry": 100.0, "exit": 199.8600147420639, "qty": 0.7470076891122857, "pnl": 74.5962, "reason": "TAKE_PROFIT", "strategist": "trend", "logged_at": 1777225982.178517}
{"symbol": "P", "entry": 100.0, "exit": 109.94041025993282, "qty": 0.9655826762375567, "pnl": 9.5983, "reason": "TAKE_PROFIT", "strategist": "trend", "logged_at": 1777225983.3115506}
{"symbol": "L", "entry": 100.0, "exit": 80.0, "qty": 1.0, "pnl": -20.0, "reason": "STOP_LOSS", "strategist": "trend", "logged_at": 1777226020.1164079}
{"symbol": "T", "entry": 100.0, "exit": 99.0, "qty": 1.0, "pnl": -1.0, "reason": "TRAILING_STOP", "strategist": "trend", "logged_at": 1777226020.131161}
{"symbol": "S", "entry": 100.0, "exit": 100.0, "qty": 1.0, "pnl": 0.0, "reason": "SIGNAL_EXIT", "strategist": "trend", "logged_at": 1777226020.1365778}
{"symbol": "L", "entry": 100.0, "exit": 99.0, "qty": 1.0, "pnl": -1.0, "reason": "TRAILING_STOP", "strategist": "t", "logged_at": 1777226020.1636164}
{"symbol": "R", "entry": 10.0, "exit": 10.0, "qty": 1.0, "pnl": 0.0, "reason": "T", "strategist": "t", "logged_at": 1777226020.1818345}
{"symbol": "A", "entry": 1.0, "exit": 0.9991021643105202, "qty": 0.8723957375360162, "pnl": -0.0008, "reason": "STRATEGY_CHANGE", "strategist": "t", "logged_at": 1777226020.4498088}
{"symbol": "BTC/USDT", "entry": 100.0, "exit": 104.0, "qty": 2.0, "pnl": 8.0, "reason": "TAKE_PROFIT", "strategist": "trend", "logged_at": 1777226020.5292375}
{"symbol": "S", "entry": 100.0, "exit": 199.8085334372399, "qty": 0.7648585720274597, "pnl": 76.3394, "reason": "TAKE_PROFIT", "strategist": "trend", "logged_at": 1777226020.729509}
{"symbol": "P", "entry": 100.0, "exit": 109.87949577223563, "qty": 0.7680631791381121, "pnl": 7.5881, "reason": "TAKE_PROFIT", "strategist": "trend", "logged_at": 1777226021.8143468}
{"symbol": "L", "entry": 100.0, "exit": 80.0, "qty": 1.0, "pnl": -20.0, "reason": "STOP_LOSS", "strategist": "trend", "logged_at": 1777226036.895568}
{"symbol": "T", "entry": 100.0, "exit": 99.0, "qty": 1.0, "pnl": -1.0, "reason": "TRAILING_STOP", "strategist": "trend", "logged_at": 1777226036.9118426}
{"symbol": "S", "entry": 100.0, "exit": 100.0, "qty": 1.0, "pnl": 0.0, "reason": "SIGNAL_EXIT", "strategist": "trend", "logged_at": 1777226036.9169376}
{"symbol": "L", "entry": 100.0, "exit": 99.0, "qty": 1.0, "pnl": -1.0, "reason": "TRAILING_STOP", "strategist": "t", "logged_at": 1777226036.9427812}
{"symbol": "R", "entry": 10.0, "exit": 10.0, "qty": 1.0, "pnl": 0.0, "reason": "T", "strategist": "t", "logged_at": 1777226036.9601865}
{"symbol": "A", "entry": 1.0, "exit": 0.9995355714071559, "qty": 0.7055786822174326, "pnl": -0.0003, "reason": "STRATEGY_CHANGE", "strategist": "t", "logged_at": 1777226037.232411}
{"symbol": "BTC/USDT", "entry": 100.0, "exit": 104.0, "qty": 2.0, "pnl": 8.0, "reason": "TAKE_PROFIT", "strategist": "trend", "logged_at": 1777226037.3119318}
{"symbol": "S", "entry": 100.0, "exit": 199.79642458598386, "qty": 0.9110355847874952, "pnl": 90.9181, "reason": "TAKE_PROFIT", "strategist": "trend", "logged_at": 1777226037.4977567}
{"symbol": "P", "entry": 100.0, "exit": 109.8759759780927, "qty": 0.7563928869155085, "pnl": 7.4701, "reason": "TAKE_PROFIT", "strategist": "trend", "logged_at": 1777226038.7803557}
{"symbol": "L", "entry": 100.0, "exit": 80.0, "qty": 1.0, "pnl": -20.0, "reason": "STOP_LOSS", "strategist": "trend", "logged_at": 1777226121.318807}
{"symbol": "T", "entry": 100.0, "exit": 99.0, "qty": 1.0, "pnl": -1.0, "reason": "TRAILING_STOP", "strategist": "trend", "logged_at": 1777226121.3423798}
{"symbol": "S", "entry": 100.0, "exit": 100.0, "qty": 1.0, "pnl": 0.0, "reason": "SIGNAL_EXIT", "strategist": "trend", "logged_at": 1777226121.3514898}
{"symbol": "L", "entry": 100.0, "exit": 99.0, "qty": 1.0, "pnl": -1.0, "reason": "TRAILING_STOP", "strategist": "t", "logged_at": 1777226121.3844419}
{"symbol": "R", "entry": 10.0, "exit": 10.0, "qty": 1.0, "pnl": 0.0, "reason": "T", "strategist": "t", "logged_at": 1777226121.4066944}
{"symbol": "A", "entry": 1.0, "exit": 0.999589112183035, "qty": 0.9711936383765573, "pnl": -0.0004, "reason": "STRATEGY_CHANGE", "strategist": "t", "logged_at": 1777226121.7186277}
{"symbol": "BTC/USDT", "entry": 100.0, "exit": 104.0, "qty": 2.0, "pnl": 8.0, "reason": "TAKE_PROFIT", "strategist": "trend", "logged_at": 1777226121.8080602}
{"symbol": "S", "entry": 100.0, "exit": 199.87201315175096, "qty": 0.9130101565824645, "pnl": 91.1842, "reason": "TAKE_PROFIT", "strategist": "trend", "logged_at": 1777226122.2414804}
{"symbol": "P", "entry": 100.0, "exit": 109.94631198067442, "qty": 0.931159250703025, "pnl": 9.2616, "reason": "TAKE_PROFIT", "strategist": "trend", "logged_at": 1777226123.4868917}
{"symbol": "L", "entry": 100.0, "exit": 80.0, "qty": 1.0, "pnl": -20.0, "reason": "STOP_LOSS", "strategist": "trend", "logged_at": 1777226151.6278157}
{"symbol": "T", "entry": 100.0, "exit": 99.0, "qty": 1.0, "pnl": -1.0, "reason": "TRAILING_STOP", "strategist": "trend", "logged_at": 1777226151.642137}
{"symbol": "S", "entry": 100.0, "exit": 100.0, "qty": 1.0, "pnl": 0.0, "reason": "SIGNAL_EXIT", "strategist": "trend", "logged_at": 1777226151.647449}
{"symbol": "L", "entry": 100.0, "exit": 99.0, "qty": 1.0, "pnl": -1.0, "reason": "TRAILING_STOP", "strategist": "t", "logged_at": 1777226151.676023}
{"symbol": "R", "entry": 10.0, "exit": 10.0, "qty": 1.0, "pnl": 0.0, "reason": "T", "strategist": "t", "logged_at": 1777226151.691593}
{"symbol": "A", "entry": 1.0, "exit": 0.999656692930821, "qty": 0.894759388837279, "pnl": -0.0003, "reason": "STRATEGY_CHANGE", "strategist": "t", "logged_at": 1777226151.9835126}
{"symbol": "BTC/USDT", "entry": 100.0, "exit": 104.0, "qty": 2.0, "pnl": 8.0, "reason": "TAKE_PROFIT", "strategist": "trend", "logged_at": 1777226152.0534594}
{"symbol": "S", "entry": 100.0, "exit": 199.8963877974433, "qty": 0.821420186074963, "pnl": 82.0569, "reason": "TAKE_PROFIT", "strategist": "trend", "logged_at": 1777226152.338549}
{"symbol": "P", "entry": 100.0, "exit": 109.94285558527174, "qty": 0.7841326596921141, "pnl": 7.7965, "reason": "TAKE_PROFIT", "strategist": "trend", "logged_at": 1777226153.4264033}
{"symbol": "L", "entry": 100.0, "exit": 80.0, "qty": 1.0, "pnl": -20.0, "reason": "STOP_LOSS", "strategist": "trend", "logged_at": 1777226370.747946}
{"symbol": "T", "entry": 100.0, "exit": 99.0, "qty": 1.0, "pnl": -1.0, "reason": "TRAILING_STOP", "strategist": "trend", "logged_at": 1777226370.7671885}
{"symbol": "S", "entry": 100.0, "exit": 100.0, "qty": 1.0, "pnl": 0.0, "reason": "SIGNAL_EXIT", "strategist": "trend", "logged_at": 1777226370.7728703}
{"symbol": "L", "entry": 100.0, "exit": 99.0, "qty": 1.0, "pnl": -1.0, "reason": "TRAILING_STOP", "strategist": "t", "logged_at": 1777226370.8026404}
{"symbol": "R", "entry": 10.0, "exit": 10.0, "qty": 1.0, "pnl": 0.0, "reason": "T", "strategist": "t", "logged_at": 1777226370.8198156}
{"symbol": "A", "entry": 1.0, "exit": 0.9990394947856117, "qty": 0.8412842715721374, "pnl": -0.0008, "reason": "STRATEGY_CHANGE", "strategist": "t", "logged_at": 1777226371.1826856}
{"symbol": "BTC/USDT", "entry": 100.0, "exit": 104.0, "qty": 2.0, "pnl": 8.0, "reason": "TAKE_PROFIT", "strategist": "trend", "logged_at": 1777226371.2556033}
{"symbol": "S", "entry": 100.0, "exit": 199.85458339641175, "qty": 0.9757243664422094, "pnl": 97.4306, "reason": "TAKE_PROFIT", "strategist": "trend", "logged_at": 1777226371.4006188}
{"symbol": "P", "entry": 100.0, "exit": 109.88025460223321, "qty": 0.7120059458736617, "pnl": 7.0348, "reason": "TAKE_PROFIT", "strategist": "trend", "logged_at": 1777226372.55011}
{"symbol": "L", "entry": 100.0, "exit": 80.0, "qty": 1.0, "pnl": -20.0, "reason": "STOP_LOSS", "strategist": "trend", "logged_at": 1777226398.2979357}
{"symbol": "T", "entry": 100.0, "exit": 99.0, "qty": 1.0, "pnl": -1.0, "reason": "TRAILING_STOP", "strategist": "trend", "logged_at": 1777226398.312944}
{"symbol": "S", "entry": 100.0, "exit": 100.0, "qty": 1.0, "pnl": 0.0, "reason": "SIGNAL_EXIT", "strategist": "trend", "logged_at": 1777226398.317991}
{"symbol": "L", "entry": 100.0, "exit": 99.0, "qty": 1.0, "pnl": -1.0, "reason": "TRAILING_STOP", "strategist": "t", "logged_at": 1777226398.3461406}
{"symbol": "R", "entry": 10.0, "exit": 10.0, "qty": 1.0, "pnl": 0.0, "reason": "T", "strategist": "t", "logged_at": 1777226398.3652847}
{"symbol": "A", "entry": 1.0, "exit": 0.9995904813263253, "qty": 0.8651728216453243, "pnl": -0.0004, "reason": "STRATEGY_CHANGE", "strategist": "t", "logged_at": 1777226398.6653547}
{"symbol": "BTC/USDT", "entry": 100.0, "exit": 104.0, "qty": 2.0, "pnl": 8.0, "reason": "TAKE_PROFIT", "strategist": "trend", "logged_at": 1777226398.7336075}
{"symbol": "S", "entry": 100.0, "exit": 199.77981328682347, "qty": 0.784644331282956, "pnl": 78.2917, "reason": "TAKE_PROFIT", "strategist": "trend", "logged_at": 1777226399.0849912}
{"symbol": "P", "entry": 100.0, "exit": 109.92244659724128, "qty": 0.9894025346635265, "pnl": 9.8173, "reason": "TAKE_PROFIT", "strategist": "trend", "logged_at": 1777226400.4257908}
{"symbol": "L", "entry": 100.0, "exit": 80.0, "qty": 1.0, "pnl": -20.0, "reason": "STOP_LOSS", "strategist": "trend", "logged_at": 1777226483.253884}
{"symbol": "T", "entry": 100.0, "exit": 99.0, "qty": 1.0, "pnl": -1.0, "reason": "TRAILING_STOP", "strategist": "trend", "logged_at": 1777226483.2671592}
{"symbol": "S", "entry": 100.0, "exit": 100.0, "qty": 1.0, "pnl": 0.0, "reason": "SIGNAL_EXIT", "strategist": "trend", "logged_at": 1777226483.2748804}
{"symbol": "L", "entry": 100.0, "exit": 99.0, "qty": 1.0, "pnl": -1.0, "reason": "TRAILING_STOP", "strategist": "t", "logged_at": 1777226483.307768}
{"symbol": "R", "entry": 10.0, "exit": 10.0, "qty": 1.0, "pnl": 0.0, "reason": "T", "strategist": "t", "logged_at": 1777226483.3254578}
{"symbol": "A", "entry": 1.0, "exit": 0.9991407746412894, "qty": 0.8897429982357599, "pnl": -0.0008, "reason": "STRATEGY_CHANGE", "strategist": "t", "logged_at": 1777226483.8220398}
{"symbol": "BTC/USDT", "entry": 100.0, "exit": 104.0, "qty": 2.0, "pnl": 8.0, "reason": "TAKE_PROFIT", "strategist": "trend", "logged_at": 1777226483.8987722}
{"symbol": "S", "entry": 100.0, "exit": 199.77770640887238, "qty": 0.7357979472910398, "pnl": 73.4162, "reason": "TAKE_PROFIT", "strategist": "trend", "logged_at": 1777226484.116397}
{"symbol": "P", "entry": 100.0, "exit": 109.95573490514707, "qty": 0.9359999021959997, "pnl": 9.3186, "reason": "TAKE_PROFIT", "strategist": "trend", "logged_at": 1777226485.1404784}
{"symbol": "L", "entry": 100.0, "exit": 80.0, "qty": 1.0, "pnl": -20.0, "reason": "STOP_LOSS", "strategist": "trend", "logged_at": 1777226519.526437}
{"symbol": "T", "entry": 100.0, "exit": 99.0, "qty": 1.0, "pnl": -1.0, "reason": "TRAILING_STOP", "strategist": "trend", "logged_at": 1777226519.5431962}
{"symbol": "S", "entry": 100.0, "exit": 100.0, "qty": 1.0, "pnl": 0.0, "reason": "SIGNAL_EXIT", "strategist": "trend", "logged_at": 1777226519.5485659}
{"symbol": "L", "entry": 100.0, "exit": 99.0, "qty": 1.0, "pnl": -1.0, "reason": "TRAILING_STOP", "strategist": "t", "logged_at": 1777226519.576664}
{"symbol": "R", "entry": 10.0, "exit": 10.0, "qty": 1.0, "pnl": 0.0, "reason": "T", "strategist": "t", "logged_at": 1777226519.5939307}
{"symbol": "A", "entry": 1.0, "exit": 0.9994565127875806, "qty": 0.9671840129750606, "pnl": -0.0005, "reason": "STRATEGY_CHANGE", "strategist": "t", "logged_at": 1777226519.8342347}
{"symbol": "BTC/USDT", "entry": 100.0, "exit": 104.0, "qty": 2.0, "pnl": 8.0, "reason": "TAKE_PROFIT", "strategist": "trend", "logged_at": 1777226519.9118073}
{"symbol": "S", "entry": 100.0, "exit": 199.88502786608075, "qty": 0.7189836739915519, "pnl": 71.8157, "reason": "TAKE_PROFIT", "strategist": "trend", "logged_at": 1777226520.0973892}
{"symbol": "P", "entry": 100.0, "exit": 109.88829262827804, "qty": 0.7681959721730744, "pnl": 7.5961, "reason": "TAKE_PROFIT", "strategist": "trend", "logged_at": 1777226521.2643523}
{"symbol": "L", "entry": 100.0, "exit": 80.0, "qty": 1.0, "pnl": -20.0, "reason": "STOP_LOSS", "strategist": "trend", "logged_at": 1777226618.693012}
{"symbol": "T", "entry": 100.0, "exit": 99.0, "qty": 1.0, "pnl": -1.0, "reason": "TRAILING_STOP", "strategist": "trend", "logged_at": 1777226618.70879}
{"symbol": "S", "entry": 100.0, "exit": 100.0, "qty": 1.0, "pnl": 0.0, "reason": "SIGNAL_EXIT", "strategist": "trend", "logged_at": 1777226618.7140107}
{"symbol": "L", "entry": 100.0, "exit": 99.0, "qty": 1.0, "pnl": -1.0, "reason": "TRAILING_STOP", "strategist": "t", "logged_at": 1777226618.7424889}
{"symbol": "R", "entry": 10.0, "exit": 10.0, "qty": 1.0, "pnl": 0.0, "reason": "T", "strategist": "t", "logged_at": 1777226618.756528}
{"symbol": "A", "entry": 1.0, "exit": 0.9992069744256149, "qty": 0.8236266211771816, "pnl": -0.0007, "reason": "STRATEGY_CHANGE", "strategist": "t", "logged_at": 1777226619.1570477}
{"symbol": "BTC/USDT", "entry": 100.0, "exit": 104.0, "qty": 2.0, "pnl": 8.0, "reason": "TAKE_PROFIT", "strategist": "trend", "logged_at": 1777226619.2418735}
{"symbol": "S", "entry": 100.0, "exit": 199.8851638698964, "qty": 0.7796187612179666, "pnl": 77.8723, "reason": "TAKE_PROFIT", "strategist": "trend", "logged_at": 1777226619.4217842}
{"symbol": "P", "entry": 100.0, "exit": 109.91616215323059, "qty": 0.8473059009102007, "pnl": 8.402, "reason": "TAKE_PROFIT", "strategist": "trend", "logged_at": 1777226620.5257142}
{"symbol": "L", "entry": 100.0, "exit": 80.0, "qty": 1.0, "pnl": -20.0, "reason": "STOP_LOSS", "strategist": "trend", "logged_at": 1777227177.6757946}
{"symbol": "T", "entry": 100.0, "exit": 99.0, "qty": 1.0, "pnl": -1.0, "reason": "TRAILING_STOP", "strategist": "trend", "logged_at": 1777227177.6917067}
{"symbol": "S", "entry": 100.0, "exit": 100.0, "qty": 1.0, "pnl": 0.0, "reason": "SIGNAL_EXIT", "strategist": "trend", "logged_at": 1777227177.6994863}
{"symbol": "L", "entry": 100.0, "exit": 99.0, "qty": 1.0, "pnl": -1.0, "reason": "TRAILING_STOP", "strategist": "t", "logged_at": 1777227177.73387}
{"symbol": "R", "entry": 10.0, "exit": 10.0, "qty": 1.0, "pnl": 0.0, "reason": "T", "strategist": "t", "logged_at": 1777227177.753872}
{"symbol": "A", "entry": 1.0, "exit": 0.998921329851614, "qty": 0.9981130498905284, "pnl": -0.0011, "reason": "STRATEGY_CHANGE", "strategist": "t", "logged_at": 1777227178.2216973}
{"symbol": "BTC/USDT", "entry": 100.0, "exit": 104.0, "qty": 2.0, "pnl": 8.0, "reason": "TAKE_PROFIT", "strategist": "trend", "logged_at": 1777227178.3001757}
{"symbol": "S", "entry": 100.0, "exit": 199.93316375154154, "qty": 0.7613692029859505, "pnl": 76.086, "reason": "TAKE_PROFIT", "strategist": "trend", "logged_at": 1777227178.6888764}
{"symbol": "P", "entry": 100.0, "exit": 109.87174644087307, "qty": 0.9428160063225905, "pnl": 9.3072, "reason": "TAKE_PROFIT", "strategist": "trend", "logged_at": 1777227179.8079782}
{"symbol": "L", "entry": 100.0, "exit": 80.0, "qty": 1.0, "pnl": -20.0, "reason": "STOP_LOSS", "strategist": "trend", "logged_at": 1777227233.6649363}
{"symbol": "T", "entry": 100.0, "exit": 99.0, "qty": 1.0, "pnl": -1.0, "reason": "TRAILING_STOP", "strategist": "trend", "logged_at": 1777227233.679398}
{"symbol": "S", "entry": 100.0, "exit": 100.0, "qty": 1.0, "pnl": 0.0, "reason": "SIGNAL_EXIT", "strategist": "trend", "logged_at": 1777227233.6869001}
{"symbol": "L", "entry": 100.0, "exit": 99.0, "qty": 1.0, "pnl": -1.0, "reason": "TRAILING_STOP", "strategist": "t", "logged_at": 1777227233.7165334}
{"symbol": "R", "entry": 10.0, "exit": 10.0, "qty": 1.0, "pnl": 0.0, "reason": "T", "strategist": "t", "logged_at": 1777227233.7402837}
{"symbol": "A", "entry": 1.0, "exit": 0.9995909970624651, "qty": 0.8548232552073716, "pnl": -0.0003, "reason": "STRATEGY_CHANGE", "strategist": "t", "logged_at": 1777227234.208674}
{"symbol": "BTC/USDT", "entry": 100.0, "exit": 104.0, "qty": 2.0, "pnl": 8.0, "reason": "TAKE_PROFIT", "strategist": "trend", "logged_at": 1777227234.2792656}
{"symbol": "S", "entry": 100.0, "exit": 199.81870640343843, "qty": 0.8037143819045484, "pnl": 80.2257, "reason": "TAKE_PROFIT", "strategist": "trend", "logged_at": 1777227234.6435592}
{"symbol": "P", "entry": 100.0, "exit": 109.89951708548834, "qty": 0.8879247473606418, "pnl": 8.79, "reason": "TAKE_PROFIT", "strategist": "trend", "logged_at": 1777227235.8833508}
{"symbol": "L", "entry": 100.0, "exit": 80.0, "qty": 1.0, "pnl": -20.0, "reason": "STOP_LOSS", "strategist": "trend", "logged_at": 1777227288.7777426}
{"symbol": "T", "entry": 100.0, "exit": 99.0, "qty": 1.0, "pnl": -1.0, "reason": "TRAILING_STOP", "strategist": "trend", "logged_at": 1777227288.794947}
{"symbol": "S", "entry": 100.0, "exit": 100.0, "qty": 1.0, "pnl": 0.0, "reason": "SIGNAL_EXIT", "strategist": "trend", "logged_at": 1777227288.7999995}
{"symbol": "L", "entry": 100.0, "exit": 99.0, "qty": 1.0, "pnl": -1.0, "reason": "TRAILING_STOP", "strategist": "t", "logged_at": 1777227288.8328245}
{"symbol": "R", "entry": 10.0, "exit": 10.0, "qty": 1.0, "pnl": 0.0, "reason": "T", "strategist": "t", "logged_at": 1777227288.8500972}
{"symbol": "A", "entry": 1.0, "exit": 0.9996703392065385, "qty": 0.8603592588915869, "pnl": -0.0003, "reason": "STRATEGY_CHANGE", "strategist": "t", "logged_at": 1777227289.091743}
{"symbol": "BTC/USDT", "entry": 100.0, "exit": 104.0, "qty": 2.0, "pnl": 8.0, "reason": "TAKE_PROFIT", "strategist": "trend", "logged_at": 1777227289.1671913}
{"symbol": "S", "entry": 100.0, "exit": 199.81122828372344, "qty": 0.9545462603989165, "pnl": 95.2744, "reason": "TAKE_PROFIT", "strategist": "trend", "logged_at": 1777227289.4006588}
{"symbol": "P", "entry": 100.0, "exit": 109.93040833807997, "qty": 0.7177890665957506, "pnl": 7.1279, "reason": "TAKE_PROFIT", "strategist": "trend", "logged_at": 1777227290.6355176}
{"symbol": "L", "entry": 100.0, "exit": 80.0, "qty": 1.0, "pnl": -20.0, "reason": "STOP_LOSS", "strategist": "trend", "logged_at": 1777227448.3955264}
{"symbol": "T", "entry": 100.0, "exit": 99.0, "qty": 1.0, "pnl": -1.0, "reason": "TRAILING_STOP", "strategist": "trend", "logged_at": 1777227448.4114833}
{"symbol": "S", "entry": 100.0, "exit": 100.0, "qty": 1.0, "pnl": 0.0, "reason": "SIGNAL_EXIT", "strategist": "trend", "logged_at": 1777227448.417015}
{"symbol": "L", "entry": 100.0, "exit": 99.0, "qty": 1.0, "pnl": -1.0, "reason": "TRAILING_STOP", "strategist": "t", "logged_at": 1777227448.4627557}
{"symbol": "R", "entry": 10.0, "exit": 10.0, "qty": 1.0, "pnl": 0.0, "reason": "T", "strategist": "t", "logged_at": 1777227448.481571}
{"symbol": "A", "entry": 1.0, "exit": 0.9995649662047968, "qty": 0.9932863147404807, "pnl": -0.0004, "reason": "STRATEGY_CHANGE", "strategist": "t", "logged_at": 1777227448.8102448}
{"symbol": "BTC/USDT", "entry": 100.0, "exit": 104.0, "qty": 2.0, "pnl": 8.0, "reason": "TAKE_PROFIT", "strategist": "trend", "logged_at": 1777227448.9664059}
{"symbol": "S", "entry": 100.0, "exit": 199.92783163535336, "qty": 0.768054160091629, "pnl": 76.75, "reason": "TAKE_PROFIT", "strategist": "trend", "logged_at": 1777227449.2210972}
{"symbol": "P", "entry": 100.0, "exit": 109.941088884884, "qty": 0.8648473657953064, "pnl": 8.5975, "reason": "TAKE_PROFIT", "strategist": "trend", "logged_at": 1777227450.35546}
{"symbol": "L", "entry": 100.0, "exit": 80.0, "qty": 1.0, "pnl": -20.0, "reason": "STOP_LOSS", "strategist": "trend", "logged_at": 1777227513.3562496}
{"symbol": "T", "entry": 100.0, "exit": 99.0, "qty": 1.0, "pnl": -1.0, "reason": "TRAILING_STOP", "strategist": "trend", "logged_at": 1777227513.3730133}
{"symbol": "S", "entry": 100.0, "exit": 100.0, "qty": 1.0, "pnl": 0.0, "reason": "SIGNAL_EXIT", "strategist": "trend", "logged_at": 1777227513.3815224}
{"symbol": "L", "entry": 100.0, "exit": 99.0, "qty": 1.0, "pnl": -1.0, "reason": "TRAILING_STOP", "strategist": "t", "logged_at": 1777227513.4112275}
{"symbol": "R", "entry": 10.0, "exit": 10.0, "qty": 1.0, "pnl": 0.0, "reason": "T", "strategist": "t", "logged_at": 1777227513.4271703}
{"symbol": "A", "entry": 1.0, "exit": 0.9993751246205131, "qty": 0.8925097387518887, "pnl": -0.0006, "reason": "STRATEGY_CHANGE", "strategist": "t", "logged_at": 1777227513.8202868}
{"symbol": "BTC/USDT", "entry": 100.0, "exit": 104.0, "qty": 2.0, "pnl": 8.0, "reason": "TAKE_PROFIT", "strategist": "trend", "logged_at": 1777227513.9055276}
{"symbol": "S", "entry": 100.0, "exit": 199.92920949244046, "qty": 0.7298447036161982, "pnl": 72.9328, "reason": "TAKE_PROFIT", "strategist": "trend", "logged_at": 1777227514.283749}
{"symbol": "P", "entry": 100.0, "exit": 109.87205363841716, "qty": 0.7056033742132047, "pnl": 6.9658, "reason": "TAKE_PROFIT", "strategist": "trend", "logged_at": 1777227515.5555305}
{"symbol": "L", "entry": 100.0, "exit": 80.0, "qty": 1.0, "pnl": -20.0, "reason": "STOP_LOSS", "strategist": "trend", "logged_at": 1777227619.9049664}
{"symbol": "T", "entry": 100.0, "exit": 99.0, "qty": 1.0, "pnl": -1.0, "reason": "TRAILING_STOP", "strategist": "trend", "logged_at": 1777227619.924319}
{"symbol": "S", "entry": 100.0, "exit": 100.0, "qty": 1.0, "pnl": 0.0, "reason": "SIGNAL_EXIT", "strategist": "trend", "logged_at": 1777227619.9308167}
{"symbol": "L", "entry": 100.0, "exit": 99.0, "qty": 1.0, "pnl": -1.0, "reason": "TRAILING_STOP", "strategist": "t", "logged_at": 1777227619.963698}
{"symbol": "R", "entry": 10.0, "exit": 10.0, "qty": 1.0, "pnl": 0.0, "reason": "T", "strategist": "t", "logged_at": 1777227619.9902277}
{"symbol": "A", "entry": 1.0, "exit": 0.9992657632682014, "qty": 0.8847014096278542, "pnl": -0.0006, "reason": "STRATEGY_CHANGE", "strategist": "t", "logged_at": 1777227620.8558953}
{"symbol": "BTC/USDT", "entry": 100.0, "exit": 104.0, "qty": 2.0, "pnl": 8.0, "reason": "TAKE_PROFIT", "strategist": "trend", "logged_at": 1777227620.9742246}
{"symbol": "S", "entry": 100.0, "exit": 199.93811261007224, "qty": 0.9098088331818917, "pnl": 90.9246, "reason": "TAKE_PROFIT", "strategist": "trend", "logged_at": 1777227621.4933243}
{"symbol": "P", "entry": 100.0, "exit": 109.93631173183815, "qty": 0.8346834726951565, "pnl": 8.2937, "reason": "TAKE_PROFIT", "strategist": "trend", "logged_at": 1777227622.6395428}
{"symbol": "L", "entry": 100.0, "exit": 80.0, "qty": 1.0, "pnl": -20.0, "reason": "STOP_LOSS", "strategist": "trend", "logged_at": 1777229574.2509975}
{"symbol": "T", "entry": 100.0, "exit": 99.0, "qty": 1.0, "pnl": -1.0, "reason": "TRAILING_STOP", "strategist": "trend", "logged_at": 1777229574.2817986}
{"symbol": "S", "entry": 100.0, "exit": 100.0, "qty": 1.0, "pnl": 0.0, "reason": "SIGNAL_EXIT", "strategist": "trend", "logged_at": 1777229574.287377}
{"symbol": "L", "entry": 100.0, "exit": 99.0, "qty": 1.0, "pnl": -1.0, "reason": "TRAIL", "strategist": "t", "logged_at": 1777229574.3411431}
{"symbol": "R", "entry": 10.0, "exit": 10.0, "qty": 1.0, "pnl": 0.0, "reason": "T", "strategist": "t", "logged_at": 1777229574.3823757}
{"symbol": "A", "entry": 1.0, "exit": 0.9993059827095134, "qty": 0.8463826383160136, "pnl": -0.0006, "reason": "STRATEGY_CHANGE", "strategist": "t", "logged_at": 1777229574.6900485}
{"symbol": "BTC/USDT", "entry": 100.0, "exit": 104.0, "qty": 2.0, "pnl": 8.0, "reason": "TAKE_PROFIT", "strategist": "trend", "logged_at": 1777229574.8231301}
{"symbol": "S", "entry": 100.0, "exit": 199.86296995364916, "qty": 0.7826136907768575, "pnl": 78.1541, "reason": "TAKE_PROFIT", "strategist": "trend", "logged_at": 1777229575.0722334}
{"symbol": "P", "entry": 100.0, "exit": 109.88212152363344, "qty": 0.9009378909830197, "pnl": 8.9032, "reason": "TAKE_PROFIT", "strategist": "trend", "logged_at": 1777229576.2846098}
{"symbol": "L", "entry": 100.0, "exit": 80.0, "qty": 1.0, "pnl": -20.0, "reason": "STOP_LOSS", "strategist": "trend", "logged_at": 1777229946.5716264}
{"symbol": "T", "entry": 100.0, "exit": 99.0, "qty": 1.0, "pnl": -1.0, "reason": "TRAILING_STOP", "strategist": "trend", "logged_at": 1777229946.588634}
{"symbol": "S", "entry": 100.0, "exit": 100.0, "qty": 1.0, "pnl": 0.0, "reason": "SIGNAL_EXIT", "strategist": "trend", "logged_at": 1777229946.5990646}
{"symbol": "L", "entry": 100.0, "exit": 99.0, "qty": 1.0, "pnl": -1.0, "reason": "TRAIL", "strategist": "t", "logged_at": 1777229946.6335216}
{"symbol": "R", "entry": 10.0, "exit": 10.0, "qty": 1.0, "pnl": 0.0, "reason": "T", "strategist": "t", "logged_at": 1777229946.6484525}
{"symbol": "A", "entry": 1.0, "exit": 0.9996260565237749, "qty": 0.9177029356641152, "pnl": -0.0003, "reason": "STRATEGY_CHANGE", "strategist": "t", "logged_at": 1777229946.936215}
{"symbol": "BTC/USDT", "entry": 100.0, "exit": 104.0, "qty": 2.0, "pnl": 8.0, "reason": "TAKE_PROFIT", "strategist": "trend", "logged_at": 1777229947.0201583}
{"symbol": "S", "entry": 100.0, "exit": 199.86120557161965, "qty": 0.8225340746110119, "pnl": 82.1392, "reason": "TAKE_PROFIT", "strategist": "trend", "logged_at": 1777229947.2284942}
{"symbol": "P", "entry": 100.0, "exit": 109.92838439192349, "qty": 0.7127198225564865, "pnl": 7.0762, "reason": "TAKE_PROFIT", "strategist": "trend", "logged_at": 1777229948.2958796}
{"symbol": "R", "entry": 10.0, "exit": 10.0, "qty": 1.0, "pnl": 0.0, "reason": "T", "strategist": "t", "logged_at": 1777231240.587597}
{"symbol": "A", "entry": 1.0, "exit": 0.9988219228156404, "qty": 0.7851506513377647, "pnl": -0.0009, "reason": "STRATEGY_CHANGE", "strategist": "t", "logged_at": 1777231241.0280876}
{"symbol": "S", "entry": 100.0, "exit": 199.8634212161124, "qty": 0.871580936823001, "pnl": 87.0391, "reason": "TAKE_PROFIT", "strategist": "trend", "logged_at": 1777231241.3575573}
{"symbol": "L", "entry": 100.0, "exit": 80.0, "qty": 1.0, "pnl": -20.0, "reason": "STOP_LOSS", "strategist": "trend", "logged_at": 1777231277.507016}
{"symbol": "T", "entry": 100.0, "exit": 99.0, "qty": 1.0, "pnl": -1.0, "reason": "TRAILING_STOP", "strategist": "trend", "logged_at": 1777231277.5221844}
{"symbol": "S", "entry": 100.0, "exit": 100.0, "qty": 1.0, "pnl": 0.0, "reason": "SIGNAL_EXIT", "strategist": "trend", "logged_at": 1777231277.5260916}
{"symbol": "L", "entry": 100.0, "exit": 99.0, "qty": 1.0, "pnl": -1.0, "reason": "TRAIL", "strategist": "t", "logged_at": 1777231277.5559127}
{"symbol": "R", "entry": 10.0, "exit": 10.0, "qty": 1.0, "pnl": 0.0, "reason": "T", "strategist": "t", "logged_at": 1777231277.5715375}
{"symbol": "A", "entry": 1.0, "exit": 0.9995240473244368, "qty": 0.9069585328411962, "pnl": -0.0004, "reason": "STRATEGY_CHANGE", "strategist": "t", "logged_at": 1777231278.0619075}
{"symbol": "BTC/USDT", "entry": 100.0, "exit": 104.0, "qty": 2.0, "pnl": 8.0, "reason": "TAKE_PROFIT", "strategist": "trend", "logged_at": 1777231278.156668}
{"symbol": "S", "entry": 100.0, "exit": 199.90527957507, "qty": 0.9890537203590798, "pnl": 98.8117, "reason": "TAKE_PROFIT", "strategist": "trend", "logged_at": 1777231278.4517918}
{"symbol": "P", "entry": 100.0, "exit": 109.87188671305756, "qty": 0.8887377512734249, "pnl": 8.7735, "reason": "TAKE_PROFIT", "strategist": "trend", "logged_at": 1777231279.6638165}
{"symbol": "L", "entry": 100.0, "exit": 80.0, "qty": 1.0, "pnl": -20.0, "reason": "STOP_LOSS", "strategist": "trend", "logged_at": 1777231312.7708235}
{"symbol": "T", "entry": 100.0, "exit": 99.0, "qty": 1.0, "pnl": -1.0, "reason": "TRAILING_STOP", "strategist": "trend", "logged_at": 1777231312.788748}
{"symbol": "S", "entry": 100.0, "exit": 100.0, "qty": 1.0, "pnl": 0.0, "reason": "SIGNAL_EXIT", "strategist": "trend", "logged_at": 1777231312.7950764}
{"symbol": "L", "entry": 100.0, "exit": 99.0, "qty": 1.0, "pnl": -1.0, "reason": "TRAIL", "strategist": "t", "logged_at": 1777231312.8295138}
{"symbol": "R", "entry": 10.0, "exit": 10.0, "qty": 1.0, "pnl": 0.0, "reason": "T", "strategist": "t", "logged_at": 1777231312.8469841}
{"symbol": "A", "entry": 1.0, "exit": 0.9988663031243786, "qty": 0.7199445761434184, "pnl": -0.0008, "reason": "STRATEGY_CHANGE", "strategist": "t", "logged_at": 1777231313.2656627}
{"symbol": "BTC/USDT", "entry": 100.0, "exit": 104.0, "qty": 2.0, "pnl": 8.0, "reason": "TAKE_PROFIT", "strategist": "trend", "logged_at": 1777231313.3907642}
{"symbol": "S", "entry": 100.0, "exit": 199.89443921937269, "qty": 0.7096883088167992, "pnl": 70.8939, "reason": "TAKE_PROFIT", "strategist": "trend", "logged_at": 1777231313.7859337}
{"symbol": "P", "entry": 100.0, "exit": 109.8884523733652, "qty": 0.953903569382121, "pnl": 9.4326, "reason": "TAKE_PROFIT", "strategist": "trend", "logged_at": 1777231315.076811}
{"symbol": "L", "entry": 100.0, "exit": 80.0, "qty": 1.0, "pnl": -20.0, "reason": "STOP_LOSS", "strategist": "trend", "logged_at": 1777231359.4036078}
{"symbol": "T", "entry": 100.0, "exit": 99.0, "qty": 1.0, "pnl": -1.0, "reason": "TRAILING_STOP", "strategist": "trend", "logged_at": 1777231359.420785}
{"symbol": "S", "entry": 100.0, "exit": 100.0, "qty": 1.0, "pnl": 0.0, "reason": "SIGNAL_EXIT", "strategist": "trend", "logged_at": 1777231359.4279418}
{"symbol": "L", "entry": 100.0, "exit": 99.0, "qty": 1.0, "pnl": -1.0, "reason": "TRAIL", "strategist": "t", "logged_at": 1777231359.480454}
{"symbol": "R", "entry": 10.0, "exit": 10.0, "qty": 1.0, "pnl": 0.0, "reason": "T", "strategist": "t", "logged_at": 1777231359.4948444}
{"symbol": "A", "entry": 1.0, "exit": 0.9990566435629871, "qty": 0.8328697732705641, "pnl": -0.0008, "reason": "STRATEGY_CHANGE", "strategist": "t", "logged_at": 1777231359.9596388}
{"symbol": "BTC/USDT", "entry": 100.0, "exit": 104.0, "qty": 2.0, "pnl": 8.0, "reason": "TAKE_PROFIT", "strategist": "trend", "logged_at": 1777231360.0597076}
{"symbol": "S", "entry": 100.0, "exit": 199.79608241973307, "qty": 0.938128374247097, "pnl": 93.6215, "reason": "TAKE_PROFIT", "strategist": "trend", "logged_at": 1777231360.2960725}
{"symbol": "P", "entry": 100.0, "exit": 109.94426801740873, "qty": 0.7968389814011632, "pnl": 7.924, "reason": "TAKE_PROFIT", "strategist": "trend", "logged_at": 1777231361.5415177}
{"symbol": "L", "entry": 100.0, "exit": 80.0, "qty": 1.0, "pnl": -20.0, "reason": "STOP_LOSS", "strategist": "trend", "logged_at": 1777231429.506151}
{"symbol": "T", "entry": 100.0, "exit": 99.0, "qty": 1.0, "pnl": -1.0, "reason": "TRAILING_STOP", "strategist": "trend", "logged_at": 1777231429.5285952}
{"symbol": "S", "entry": 100.0, "exit": 100.0, "qty": 1.0, "pnl": 0.0, "reason": "SIGNAL_EXIT", "strategist": "trend", "logged_at": 1777231429.5351138}
{"symbol": "L", "entry": 100.0, "exit": 99.0, "qty": 1.0, "pnl": -1.0, "reason": "TRAIL", "strategist": "t", "logged_at": 1777231429.585943}
{"symbol": "R", "entry": 10.0, "exit": 10.0, "qty": 1.0, "pnl": 0.0, "reason": "T", "strategist": "t", "logged_at": 1777231429.6001506}
{"symbol": "A", "entry": 1.0, "exit": 0.9995633922495514, "qty": 0.808267579415472, "pnl": -0.0004, "reason": "STRATEGY_CHANGE", "strategist": "t", "logged_at": 1777231430.1221905}
{"symbol": "BTC/USDT", "entry": 100.0, "exit": 104.0, "qty": 2.0, "pnl": 8.0, "reason": "TAKE_PROFIT", "strategist": "trend", "logged_at": 1777231430.2878573}
{"symbol": "S", "entry": 100.0, "exit": 199.85824748445893, "qty": 0.7334022489315524, "pnl": 73.2363, "reason": "TAKE_PROFIT", "strategist": "trend", "logged_at": 1777231430.6562216}
{"symbol": "P", "entry": 100.0, "exit": 109.93741470417396, "qty": 0.8651138446686775, "pnl": 8.597, "reason": "TAKE_PROFIT", "strategist": "trend", "logged_at": 1777231431.8923361}
{"symbol": "L", "entry": 100.0, "exit": 80.0, "qty": 1.0, "pnl": -20.0, "reason": "STOP_LOSS", "strategist": "trend", "logged_at": 1777231585.288893}
{"symbol": "T", "entry": 100.0, "exit": 99.0, "qty": 1.0, "pnl": -1.0, "reason": "TRAILING_STOP", "strategist": "trend", "logged_at": 1777231585.3112257}
{"symbol": "S", "entry": 100.0, "exit": 100.0, "qty": 1.0, "pnl": 0.0, "reason": "SIGNAL_EXIT", "strategist": "trend", "logged_at": 1777231585.321471}
{"symbol": "L", "entry": 100.0, "exit": 99.0, "qty": 1.0, "pnl": -1.0, "reason": "TRAIL", "strategist": "t", "logged_at": 1777231585.356227}
{"symbol": "R", "entry": 10.0, "exit": 10.0, "qty": 1.0, "pnl": 0.0, "reason": "T", "strategist": "t", "logged_at": 1777231585.371336}
{"symbol": "A", "entry": 1.0, "exit": 0.9995962217261251, "qty": 0.7700533695391356, "pnl": -0.0003, "reason": "STRATEGY_CHANGE", "strategist": "t", "logged_at": 1777231585.694632}
{"symbol": "BTC/USDT", "entry": 100.0, "exit": 104.0, "qty": 2.0, "pnl": 8.0, "reason": "TAKE_PROFIT", "strategist": "trend", "logged_at": 1777231585.8366263}
{"symbol": "S", "entry": 100.0, "exit": 199.85719037297355, "qty": 0.7141180230701509, "pnl": 71.3098, "reason": "TAKE_PROFIT", "strategist": "trend", "logged_at": 1777231586.1682377}
{"symbol": "P", "entry": 100.0, "exit": 109.8953300224071, "qty": 0.7487342818600145, "pnl": 7.409, "reason": "TAKE_PROFIT", "strategist": "trend", "logged_at": 1777231587.4585931}
